{:timestamp=>"2015-02-20T10:31:31.577000-0300", :message=>"Using milestone 2 input plugin 'file'. This plugin should be stable, but if you see strange behavior, please let us know! For more information on plugin milestones, see http://logstash.net/docs/1.4.2/plugin-milestones", :level=>:warn}
{:timestamp=>"2015-02-20T10:31:40.414000-0300", :message=>"Interrupt received. Shutting down the pipeline.", :level=>:warn}
{:timestamp=>"2015-02-20T10:33:28.220000-0300", :message=>"Using milestone 2 input plugin 'file'. This plugin should be stable, but if you see strange behavior, please let us know! For more information on plugin milestones, see http://logstash.net/docs/1.4.2/plugin-milestones", :level=>:warn}
{:timestamp=>"2015-02-20T10:33:30.434000-0300", :message=>"+---------------------------------------------------------+\n| An unexpected error occurred. This is probably a bug.   |\n| You can find help with this problem in a few places:    |\n|                                                         |\n| * chat: #logstash IRC channel on freenode irc.          |\n|     IRC via the web: http://goo.gl/TI4Ro                |\n| * email: logstash-users@googlegroups.com                |\n| * bug system: https://logstash.jira.com/                |\n|                                                         |\n+---------------------------------------------------------+\nThe error reported is: \n  File paths must be absolute, relative path specified: ./input/server.log"}
{:timestamp=>"2015-02-20T10:33:58.151000-0300", :message=>"Using milestone 2 input plugin 'file'. This plugin should be stable, but if you see strange behavior, please let us know! For more information on plugin milestones, see http://logstash.net/docs/1.4.2/plugin-milestones", :level=>:warn}
{:timestamp=>"2015-02-20T10:34:00.659000-0300", :message=>"+---------------------------------------------------------+\n| An unexpected error occurred. This is probably a bug.   |\n| You can find help with this problem in a few places:    |\n|                                                         |\n| * chat: #logstash IRC channel on freenode irc.          |\n|     IRC via the web: http://goo.gl/TI4Ro                |\n| * email: logstash-users@googlegroups.com                |\n| * bug system: https://logstash.jira.com/                |\n|                                                         |\n+---------------------------------------------------------+\nThe error reported is: \n  File paths must be absolute, relative path specified: input/server.log"}
{:timestamp=>"2015-02-20T10:35:19.839000-0300", :message=>"Using milestone 2 input plugin 'file'. This plugin should be stable, but if you see strange behavior, please let us know! For more information on plugin milestones, see http://logstash.net/docs/1.4.2/plugin-milestones", :level=>:warn}
{:timestamp=>"2015-02-20T10:35:47.386000-0300", :message=>"Interrupt received. Shutting down the pipeline.", :level=>:warn}
{:timestamp=>"2015-02-20T10:42:16.197000-0300", :message=>"Using milestone 2 input plugin 'file'. This plugin should be stable, but if you see strange behavior, please let us know! For more information on plugin milestones, see http://logstash.net/docs/1.4.2/plugin-milestones", :level=>:warn}
{:timestamp=>"2015-02-20T10:42:38.278000-0300", :message=>"Interrupt received. Shutting down the pipeline.", :level=>:warn}
{:timestamp=>"2015-02-20T10:42:45.750000-0300", :message=>"Using milestone 2 input plugin 'file'. This plugin should be stable, but if you see strange behavior, please let us know! For more information on plugin milestones, see http://logstash.net/docs/1.4.2/plugin-milestones", :level=>:warn}
{:timestamp=>"2015-02-20T10:44:14.158000-0300", :message=>"Interrupt received. Shutting down the pipeline.", :level=>:warn}
{:timestamp=>"2015-02-20T10:44:43.341000-0300", :message=>"Using milestone 2 input plugin 'file'. This plugin should be stable, but if you see strange behavior, please let us know! For more information on plugin milestones, see http://logstash.net/docs/1.4.2/plugin-milestones", :level=>:warn}
{:timestamp=>"2015-02-20T10:44:51.859000-0300", :message=>"Interrupt received. Shutting down the pipeline.", :level=>:warn}
{:timestamp=>"2015-02-20T10:45:13.631000-0300", :message=>"Using milestone 2 input plugin 'file'. This plugin should be stable, but if you see strange behavior, please let us know! For more information on plugin milestones, see http://logstash.net/docs/1.4.2/plugin-milestones", :level=>:warn}
{:timestamp=>"2015-02-20T10:46:24.667000-0300", :message=>"Interrupt received. Shutting down the pipeline.", :level=>:warn}
{:timestamp=>"2015-02-20T11:24:02.342000-0300", :message=>"Using milestone 2 input plugin 'file'. This plugin should be stable, but if you see strange behavior, please let us know! For more information on plugin milestones, see http://logstash.net/docs/1.4.2/plugin-milestones", :level=>:warn}
{:timestamp=>"2015-02-20T11:24:45.940000-0300", :message=>"Interrupt received. Shutting down the pipeline.", :level=>:warn}
{:timestamp=>"2015-02-20T11:25:21.640000-0300", :message=>"Using milestone 2 input plugin 'file'. This plugin should be stable, but if you see strange behavior, please let us know! For more information on plugin milestones, see http://logstash.net/docs/1.4.2/plugin-milestones", :level=>:warn}
{:timestamp=>"2015-02-20T11:25:54.153000-0300", :message=>"Interrupt received. Shutting down the pipeline.", :level=>:warn}
{:timestamp=>"2015-02-20T11:26:44.227000-0300", :message=>"Using milestone 2 input plugin 'file'. This plugin should be stable, but if you see strange behavior, please let us know! For more information on plugin milestones, see http://logstash.net/docs/1.4.2/plugin-milestones", :level=>:warn}
{:timestamp=>"2015-02-20T11:27:09.523000-0300", :message=>"Interrupt received. Shutting down the pipeline.", :level=>:warn}
{:timestamp=>"2015-02-20T11:27:25.720000-0300", :message=>"Using milestone 2 input plugin 'file'. This plugin should be stable, but if you see strange behavior, please let us know! For more information on plugin milestones, see http://logstash.net/docs/1.4.2/plugin-milestones", :level=>:warn}
{:timestamp=>"2015-02-20T11:27:34.452000-0300", :message=>"Interrupt received. Shutting down the pipeline.", :level=>:warn}
{:timestamp=>"2015-02-20T11:27:48.621000-0300", :message=>"Using milestone 2 input plugin 'file'. This plugin should be stable, but if you see strange behavior, please let us know! For more information on plugin milestones, see http://logstash.net/docs/1.4.2/plugin-milestones", :level=>:warn}
{:timestamp=>"2015-02-20T11:28:05.262000-0300", :message=>"Interrupt received. Shutting down the pipeline.", :level=>:warn}
{:timestamp=>"2015-02-20T11:29:00.845000-0300", :message=>"Using milestone 2 input plugin 'file'. This plugin should be stable, but if you see strange behavior, please let us know! For more information on plugin milestones, see http://logstash.net/docs/1.4.2/plugin-milestones", :level=>:warn}
{:timestamp=>"2015-02-20T11:31:07.320000-0300", :message=>"Interrupt received. Shutting down the pipeline.", :level=>:warn}
{:timestamp=>"2015-02-20T11:31:26.450000-0300", :message=>"Using milestone 2 input plugin 'file'. This plugin should be stable, but if you see strange behavior, please let us know! For more information on plugin milestones, see http://logstash.net/docs/1.4.2/plugin-milestones", :level=>:warn}
{:timestamp=>"2015-02-20T11:32:14.400000-0300", :message=>"Interrupt received. Shutting down the pipeline.", :level=>:warn}
{:timestamp=>"2015-02-20T11:32:31.659000-0300", :message=>"Using milestone 2 input plugin 'file'. This plugin should be stable, but if you see strange behavior, please let us know! For more information on plugin milestones, see http://logstash.net/docs/1.4.2/plugin-milestones", :level=>:warn}
{:timestamp=>"2015-02-20T11:33:43.399000-0300", :message=>"Interrupt received. Shutting down the pipeline.", :level=>:warn}
{:timestamp=>"2015-02-20T11:33:50.994000-0300", :message=>"Using milestone 2 input plugin 'file'. This plugin should be stable, but if you see strange behavior, please let us know! For more information on plugin milestones, see http://logstash.net/docs/1.4.2/plugin-milestones", :level=>:warn}
{:timestamp=>"2015-02-20T11:35:19.390000-0300", :message=>"Interrupt received. Shutting down the pipeline.", :level=>:warn}
{:timestamp=>"2015-02-20T11:36:27.557000-0300", :message=>"Using milestone 2 input plugin 'file'. This plugin should be stable, but if you see strange behavior, please let us know! For more information on plugin milestones, see http://logstash.net/docs/1.4.2/plugin-milestones", :level=>:warn}
{:timestamp=>"2015-02-20T11:36:44.025000-0300", :message=>"Interrupt received. Shutting down the pipeline.", :level=>:warn}
{:timestamp=>"2015-02-20T11:36:44.460000-0300", :message=>"Interrupt received. Shutting down the pipeline.", :level=>:warn}
{:timestamp=>"2015-02-20T11:37:05.327000-0300", :message=>"Using milestone 2 input plugin 'file'. This plugin should be stable, but if you see strange behavior, please let us know! For more information on plugin milestones, see http://logstash.net/docs/1.4.2/plugin-milestones", :level=>:warn}
{:timestamp=>"2015-02-20T11:41:00.457000-0300", :message=>"Interrupt received. Shutting down the pipeline.", :level=>:warn}
{:timestamp=>"2015-02-20T11:41:32.520000-0300", :message=>"Using milestone 2 input plugin 'file'. This plugin should be stable, but if you see strange behavior, please let us know! For more information on plugin milestones, see http://logstash.net/docs/1.4.2/plugin-milestones", :level=>:warn}
{:timestamp=>"2015-02-20T11:42:44.535000-0300", :message=>"Interrupt received. Shutting down the pipeline.", :level=>:warn}
{:timestamp=>"2015-02-20T12:38:25.890000-0300", :message=>"+---------------------------------------------------------+\n| An unexpected error occurred. This is probably a bug.   |\n| You can find help with this problem in a few places:    |\n|                                                         |\n| * chat: #logstash IRC channel on freenode irc.          |\n|     IRC via the web: http://goo.gl/TI4Ro                |\n| * email: logstash-users@googlegroups.com                |\n| * bug system: https://logstash.jira.com/                |\n|                                                         |\n+---------------------------------------------------------+\nThe error reported is: \n  pattern %{LOG4J_DATETIMESTAMP} not defined"}
{:timestamp=>"2015-02-20T12:39:25.324000-0300", :message=>"+---------------------------------------------------------+\n| An unexpected error occurred. This is probably a bug.   |\n| You can find help with this problem in a few places:    |\n|                                                         |\n| * chat: #logstash IRC channel on freenode irc.          |\n|     IRC via the web: http://goo.gl/TI4Ro                |\n| * email: logstash-users@googlegroups.com                |\n| * bug system: https://logstash.jira.com/                |\n|                                                         |\n+---------------------------------------------------------+\nThe error reported is: \n  pattern %{LOG4J_DATETIMESTAMP} not defined"}
{:timestamp=>"2015-02-20T12:40:40.041000-0300", :message=>"Using milestone 2 input plugin 'file'. This plugin should be stable, but if you see strange behavior, please let us know! For more information on plugin milestones, see http://logstash.net/docs/1.4.2/plugin-milestones", :level=>:warn}
{:timestamp=>"2015-02-20T12:42:07.295000-0300", :message=>"Interrupt received. Shutting down the pipeline.", :level=>:warn}
{:timestamp=>"2015-02-20T12:42:42.093000-0300", :message=>"Using milestone 2 input plugin 'file'. This plugin should be stable, but if you see strange behavior, please let us know! For more information on plugin milestones, see http://logstash.net/docs/1.4.2/plugin-milestones", :level=>:warn}
{:timestamp=>"2015-02-20T12:45:06.007000-0300", :message=>"Interrupt received. Shutting down the pipeline.", :level=>:warn}
{:timestamp=>"2015-02-20T12:45:22.679000-0300", :message=>"Using milestone 2 input plugin 'file'. This plugin should be stable, but if you see strange behavior, please let us know! For more information on plugin milestones, see http://logstash.net/docs/1.4.2/plugin-milestones", :level=>:warn}
{:timestamp=>"2015-02-20T12:45:26.393000-0300", :message=>"Interrupt received. Shutting down the pipeline.", :level=>:warn}
{:timestamp=>"2015-02-20T12:45:48.246000-0300", :message=>"Using milestone 2 input plugin 'file'. This plugin should be stable, but if you see strange behavior, please let us know! For more information on plugin milestones, see http://logstash.net/docs/1.4.2/plugin-milestones", :level=>:warn}
{:timestamp=>"2015-02-20T12:47:53.551000-0300", :message=>"Interrupt received. Shutting down the pipeline.", :level=>:warn}
{:timestamp=>"2015-02-20T12:48:10.538000-0300", :message=>"Using milestone 2 input plugin 'file'. This plugin should be stable, but if you see strange behavior, please let us know! For more information on plugin milestones, see http://logstash.net/docs/1.4.2/plugin-milestones", :level=>:warn}
{:timestamp=>"2015-02-20T12:48:59.776000-0300", :message=>"Interrupt received. Shutting down the pipeline.", :level=>:warn}
{:timestamp=>"2015-02-20T12:50:06.919000-0300", :message=>"Using milestone 2 input plugin 'file'. This plugin should be stable, but if you see strange behavior, please let us know! For more information on plugin milestones, see http://logstash.net/docs/1.4.2/plugin-milestones", :level=>:warn}
{:timestamp=>"2015-02-20T12:51:02.435000-0300", :message=>"Interrupt received. Shutting down the pipeline.", :level=>:warn}
{:timestamp=>"2015-02-20T12:51:23.476000-0300", :message=>"Using milestone 2 input plugin 'file'. This plugin should be stable, but if you see strange behavior, please let us know! For more information on plugin milestones, see http://logstash.net/docs/1.4.2/plugin-milestones", :level=>:warn}
{:timestamp=>"2015-02-20T12:51:45.077000-0300", :message=>"Interrupt received. Shutting down the pipeline.", :level=>:warn}
{:timestamp=>"2015-02-20T12:52:02.884000-0300", :message=>"Using milestone 2 input plugin 'file'. This plugin should be stable, but if you see strange behavior, please let us know! For more information on plugin milestones, see http://logstash.net/docs/1.4.2/plugin-milestones", :level=>:warn}
{:timestamp=>"2015-02-20T12:53:45.838000-0300", :message=>"Interrupt received. Shutting down the pipeline.", :level=>:warn}
{:timestamp=>"2015-02-20T12:53:53.669000-0300", :message=>"Using milestone 2 input plugin 'file'. This plugin should be stable, but if you see strange behavior, please let us know! For more information on plugin milestones, see http://logstash.net/docs/1.4.2/plugin-milestones", :level=>:warn}
{:timestamp=>"2015-02-20T12:54:04.844000-0300", :message=>"Interrupt received. Shutting down the pipeline.", :level=>:warn}
{:timestamp=>"2015-02-20T12:55:12.569000-0300", :message=>"Using milestone 2 input plugin 'file'. This plugin should be stable, but if you see strange behavior, please let us know! For more information on plugin milestones, see http://logstash.net/docs/1.4.2/plugin-milestones", :level=>:warn}
{:timestamp=>"2015-02-20T12:56:35.002000-0300", :message=>"Interrupt received. Shutting down the pipeline.", :level=>:warn}
{:timestamp=>"2015-02-20T13:02:09.927000-0300", :message=>"Using milestone 2 input plugin 'file'. This plugin should be stable, but if you see strange behavior, please let us know! For more information on plugin milestones, see http://logstash.net/docs/1.4.2/plugin-milestones", :level=>:warn}
{:timestamp=>"2015-02-20T13:02:27.505000-0300", :message=>"Interrupt received. Shutting down the pipeline.", :level=>:warn}
{:timestamp=>"2015-02-20T13:02:36.737000-0300", :message=>"Using milestone 2 input plugin 'file'. This plugin should be stable, but if you see strange behavior, please let us know! For more information on plugin milestones, see http://logstash.net/docs/1.4.2/plugin-milestones", :level=>:warn}
{:timestamp=>"2015-02-20T13:03:00.854000-0300", :message=>"Interrupt received. Shutting down the pipeline.", :level=>:warn}
{:timestamp=>"2015-02-20T13:03:51.483000-0300", :message=>"Using milestone 2 input plugin 'file'. This plugin should be stable, but if you see strange behavior, please let us know! For more information on plugin milestones, see http://logstash.net/docs/1.4.2/plugin-milestones", :level=>:warn}
{:timestamp=>"2015-02-20T13:04:15.388000-0300", :message=>"Interrupt received. Shutting down the pipeline.", :level=>:warn}
{:timestamp=>"2015-02-20T13:05:13.869000-0300", :message=>"Error: Expected one of #, and, or, xor, nand, { at line 40, column 26 (byte 1281) after filter {\n    if [type] == \"log4j\" {\n        grok {\n            patterns_dir => \"./patterns\"\n            match => {\n                \"message\" => \"%{LOG4JLOG}\"\n            }\n        }\n        date {\n            match => [ \"timestamp\", \"yyyy-MM-dd HH:mm:ss,SSS\" ] \n        }\n    }\n    if [type] == \"log4j\" "}
{:timestamp=>"2015-02-20T13:05:13.879000-0300", :message=>"You may be interested in the '--configtest' flag which you can\nuse to validate logstash's configuration before you choose\nto restart a running system."}
{:timestamp=>"2015-02-20T13:06:12.537000-0300", :message=>"Using milestone 2 input plugin 'file'. This plugin should be stable, but if you see strange behavior, please let us know! For more information on plugin milestones, see http://logstash.net/docs/1.4.2/plugin-milestones", :level=>:warn}
{:timestamp=>"2015-02-20T13:06:33.062000-0300", :message=>"Interrupt received. Shutting down the pipeline.", :level=>:warn}
