#line, expected, detected, text
80, it, en, ArgumentException: The incoming token has expired. Get a new access token from the Authorization Server. : ID=3541.V2_Json.Translate.46D117F0 ArgumentException: The incoming token has expired. Get a new access token from the Authorization Server. : ID=3627.V2_Json.Translate.48B68047
156, it, ro, Hotel di Londra Camere scadente, forse 2 o 3 stelle.
166, it, un, Caustico, non Hotel Nizza Quando il check-out, ma tu sei grande personale residente coreano ^ ^ fermata del tram al primo piano proprio di fronte a Starbucks
286, it, un, Dalla stazione della metropolitana. Non male. E Torre, camera 13F sotto zero da Windows Vista; Questo è terribile! Ma Fortunatamente, 13F era a malapena vistas.
291, it, un, 
292, it, un, 
293, it, un, 
294, it, un, 
295, it, un, 
296, it, un, 
297, it, un, 
298, it, un, 
312, it, un, Pleasent stat a Londra Questo cliente non ha fornito una revisione del testo.
389, it, en, Ottimo hotel molto vicino all'aeroporto e tubo ArgumentOutOfRangeException: 'from' must be a valid language_x000D_ Parameter name: from : ID=3541.V2_Json.Translate.267790CB
582, it, en, Servizi Nice e centrale ArgumentOutOfRangeException: 'from' must be a valid language_x000D_ Parameter name: from : ID=3427.V2_Json.Translate.51C3B81B
731, it, un, í • • ë ë "ì ²° ë" ì ¡ì · ¢ ‹ ì ìš "•" "ìœ ì ¹ • ê ° € ì 댄서 ´ ° ê ® •"ìš". íŽ • ë ¦ ¬ í "° ë ¯ ¸ ë" ì — ì "œ ì ê ì ¸ ± ´ –" ¶ œ 5-10ë "ì • ë". í • ¸ í... "ì ¸ ¨ ëž žì • íŠ — ì ë ì • • Yen † ° Œê € di 타임 ì ˆ œ ì íŠ" ´-ëž ¸ ¨ íƒ € ¸ ê ° ë "ì ¢ ‹ Hey ³. ë ì ë ³' ´ ¬ ´ ‡ — ë ‹ ¤ í • • ë ²' ë ì ° ê ° € · œê µ g/m3 ì ì ìš ´ – € • "!! ë ° ¤ ì ì ˆ ì ™ Œ — † • ëŒì "ì ™ € ì" œ ì ° ½ ë ° ë ë "ì-´ ³ © ° ë ¼ £ ì ¥ § í • œìž", ì • "ì ˆ ì ˆ ë ¹ ¨ ¨ ëœ — ë ‹ ˆ íŒŒëž € í • • • ëŠ. • ì "ì ìš ' ìƒ voce Hey ± ´ ´ ¤ ì ¤ ë Œë € ìŠ ¶ › ¬ ¼ ì ˆ ì • ´ 타임 ë ¤ ë • ´ ' ê ° € ëŠ" Hey ± °. ì ' ¸ ë © ´ ëŒ € ë ".
735, it, un, ç ª ' ãŒå ¤ § UM " 2å ° ¦ ç › ® ã ® åˆ © ç "¨ ã § ã ™ ã € ' å ‰ å › žâ ¯ 4æ Š ³ ä» Šå › žâ ¯ 2æ ³ Šã — 2æ — ¥ è – ‹ ã ' Šã — ã ³ http://sFile.ydy.com=-1 æ ã — ã Ÿã € 'éƒ ¨ å ± ‹ ã ¯ ã ¨ ã ¦ ã' ' æ ¸... æ ç § ã ª" 5 "ã ' ' å ¤ § ããå ¿' è © ã § ã ™ ã € 'è › £ ç' ¹ ã ¯ è ¦ ¸ æ ™ ¯ ã § å ¤ šãã ® ãƒ ãƒ ãƒ «ã † › «è ® € ã € ã ' ‹ ã" ã ¨ ã § ã ™ ãŒè ¨ åŒæ ¡ § éƒ ¨ å ± ' ‹ ã ® æ ¹ ¿åº ¦ ãŒéžå ¸ ¸ ã «ã "ã ' è '" ã ¨ ã § ã ™ ã € 'å' ¨ è. 75 ° ã ¯ ã ' ³ ãƒ ³ ãƒ ãƒ ã € ‹ "è £ ² è £ Ÿå ° — ã ' 'å ¤ šãã € ä º ¤ è ã ® ã ä,75 ' ' è ‰ ¯ ã ç "«etichetta åœ ° ã € ‹ ãŠè — ¦ ã ' ã § ã ™ ã € '
737, it, un, 
738, it, un, 
740, it, un, 
741, it, un, í › "íšŒ ì — ì" ì ' íƒ ëŠ † œê µ ³!! ì ¼ ì ² ê ë ¨ ² ‹ ° ê ë ì Œì † ³ 25 © ì Œ ì "œ ì — ´ • ë ¸ ¼ íŽ ™ í íŠ § ì • € ë ‹ ¤. ë ™ í ë ¤ ¸ ¥ ‹ ì ì ì 댄서 "— ©,5 • í • ¸ í ì ìš ´... il" © í › "Hey ¸ ° ì — ì" œ ì ² ê ² ° í ë ì • • § € ª» í-ˆ ë ¤ ë ê ° ± ' ì di ‹ • ë ° ° ì ˆ ì ˆ • Noah • ° € ë ¤ ë ˆ • Hey — ‹ ± ° ë ë "ì ' ë • • ± ¶ ¸ íŽ ˆ í • ¨ ê ì Œì Œì † ³ 25 — Hey ´ € í œ ë ¸ ¶ íŽ ˆ • í • ¨ ¸ í ì ì Œí" † • • • ëŠ "ê ² ƒì" ë ³ ´ ì ì ˆ ë — • • ‹ ¤. í ë ì § § • • € Œ ì ìŠ "¹ ´ ë ¤ ëŠ ê ² ² ê ° ì" ³ ë ¼ Œ ì ì Œì † ´ © ì ˆ ë "œ — íŽ ¶ ¸ í ì ì í ¨ • ´" • € ì — ì ˆ ë † — ‹ ¤. ê ê ë ¸ ³' ¬ ¦ ・ ë ¥ ë ¤ ì ¸ ‹ ´ ìš © ë 타임 "¤ ì ì ê ê ² ¬ • • ³ ¼ ë § ˆ ì ° ¬ ê ° € ì § € ë ìœ ì" œ ¡ ¹ ìœ ì œ ë ¼ ¡ • ë "ë ì ˆ ì ' ¬ ¢ ‹ ´ • • ë ‹ ¤.
744, it, un, 
745, it, un, ê í ì ìš µ µ † • "ì § €. ì ´ ë ¹ "ìŠ © ì ¤ ì ™..." § ˆ ë ì ¹ ´ • ì ¤ íŽ • ë ëž ì ' ¬ ¦ per... © ì ™ "ì — ì ë ê ¼ ¼ • • sq ì ° ì" ë ¾ ¸ ê ° voce ½ ê ì í ™ ì © ³,5 • ë ª ¨ ê ë ì í µ µ "† ˆ • ë ì ì ' ¬ ¨ ‹" ìš © ì ¸ ê ° • • í ¢ ‹ ì € 타임 ì ˆ ³ ³ ê ìŠ ë µ — ‹ ˆ ë ‹ ¤.
749, it, un, ì ™ œ ì — ¬ ¸ ê ° ê ° € ì ¸ ¸ ê ° ê ° € ë † ' ì € ì § € ì ˆ ë í • ´ ´ ê ¶ ° €. í ™ ì ½ © ì — 1ë... "ì — ì 4íšŒ ë ° ìƒ ´ © ë ¬ ¸ í • © ë ˆ ë ‹ ‹ ¤. í ™ ì ì © ì — ½ "œ ìœ ë ª... ora • • ë ì ¤ ì ¶ ‹ ‹ € í • ¸ í..." ë "¤ ì ì ë ê ° ± € • ‹ ¤ ê ° € ë ¤ ë" ° ´ ëŠ, ì-ì ¸ ê ° € ë ¶ € í "° ì ìŠ" ì ¤ ë ¹ ´... il © ì ™ "ì 댄서 ´ ° ê ® ´ ë ¤ ì" ì ´ ëŠ ‹ • ¼ ¸ ê ° ë ¥ ¼ ë ê í ì ™ ³ "½ £ © ì — ì" œ 1ë ° • § ë Œ í ì ¤ ë ê confezioni • • • ˆ ì • ½ í-ˆ ˆ ë ë µ ìŠ ‹ ‹ ¤.
751, it, un, 
755, it, un, 
762, it, un, § ë ¤ ë ¸ ° ìš íŽ ¦ ¬ í • ¨ "ìœ ì ì ¸ íŽ • ¹ ë ¦ ¬ í • ¨ ê ³ ¼ ê ¹ ¨ ë — í • ¨. 타임 ' ì § € ë § Œ ì • "ëŠ' confezioni • í 타임 ì ˆ • Noè" Hey ´ 타임 ë ¤ ‹ ± ˆ ì í ¬ ë ¸ íŽ ¦ ´ • • ë ‹ ¤. ì £ ¼ ë ³ § ìƒ ì ì ë ´ € Žì • "ì ¢ ‹ Hey ³, ë °" ë 댄서 ¡ • ëž ¸ ¨ íŠ — žì ì ¥ ë ¥ 타임 ì • • ´ 타임 ì ˆ ì ìš ´ ´-© í ì ˆ ˆ 타임 ë • • ‹ ¤. § ì ì ì ì '¬ ë € ´ › ‹ ¬ í ë ì § § • • € Œ ì 댄서 ¹ ˆ í ì ë ë' Œ. § œëŠ • ´ ë ¹ ë ì ¼ ¨ • ë £ Œì "•" ëŠ "ë ° ì-ì ë ì ¤ ´ € 타임 ì ˆ ´ › — ˆ ë ‹ ¤.
763, it, un, 
768, it, un, ê íŽ µ µ ´ ì ¸ í ë † ¦ ¬ í ê íŽ ¸ ³ ì • • • ì ì ë ¤ "댄서 ‹ ´ ¹" ê ê ê ° € ì µ ¹ ³ ³ Œìš ê ´ ì — ì "ìœ ¹ • í œ ì" ì • ´ ¢ ‹ ì • • ì Œ. í • ¸ í.... "ë" ì ² ê ²° í • • Hey ³ ìœ ì "ì" ë ¢ ¹ ‹ ì • • ëŠ "ë ° ëƒ ¥ 타임 voce, Hey ³ ê ° € ì — ½ ì ì † • ´ ° ê –" ë ¶ ¸ íŽ ˆ í • • ´ ¸ ê í-ˆ ˆ ë ë µ ìŠ ‹ ‹ ¤. ê í ëž ¸ ë "• • ™ ì ë ì ¸ ¨ © 5 — ë ™ ë ì '¬ ëŠ' ´ • ˆ ì € í ë © ë • ´ • ´ ì" œë "ê ¹" ë "œ ì í ³ ³ • Hey — ì" œ ì ˆ ì ' ë € § 25 • 타임 ì ˆ ì "œ ì ´-— ¬ í ì" ì ê ¦ voce-² ² ê ë Œ ë ë ˆ § ¦ ´ ¬ ¬ í-ˆ ˆ ë ë µ ìŠ ‹ ‹ ¤.
769, it, un, 
771, it, un, ã '¢ ã' ¯ ã '» ã ' ¹ ã "' ˆ ã ãƒ ãƒ¼ ã ' ª º ãƒ «ãƒŠãƒ- ãƒ ãƒ¼ ãƒ ãƒ ãƒ¼ "ãƒ ãƒ¼ ã ¥ æ © Ÿèƒ ½ § çš" ã ª ã € ã «ã € ãƒ "ãƒ ãƒ «ã † › § ã ï å ¸ ¸ 25 ™ å ® ã «ã — ã Ÿã" ã ¨ æ € ã "ã http://sFile.ydy.com=-ã ™ ã € ' ãƒ" ã '¸ ãƒ ã' ¹» ³ ã «ã ' ª ã '¹ ã' ¹ ¡ ã § ã ™ ã € '
816, it, un, VICINA METRO BUON PERSONALE, CONTROLLARE UN PO ' LENTO, MA LA LOBBY È BUONA
822, it, un, ê ° ì ¤ ë ¨ ê ¹ ‹ — í ì ë ê confezioni • • • § ì ¢ ‹ ì • "ìš" ì ë ¹ ë ¨ ê • § — í • • Hey Hey "타임 ì ˆ ³ ± ´ 타임 ë ˆ ë ¤ ‹" ¤ ìš "ì © ì í ™ ì ì — ½" íƒ œ ì — ‹ œíƒ € ê ì ˆ ë ³ § ¼ ì ˆ ë ¸ ± ê • ¦ ¬ ë "¤ ìš" ì Œì ˜ ë ¤ ‹ — í ™ ì ½ © ê ° "ë © ë ¤ ë ´ ‹ • ´ ì ìš © í ì ìš ° ê • ± —"
824, it, un, Hotel West End (ish) grande, impersonale. Barre da tetto alto (ben 23 ° piano) con una splendida vista di Londra - che chiude alle 23. Perche '?
827, it, un, ìœ ' ì ë ì Œ ¢ § • ¹ ‹ ì € í • ¸ í... " ì ² «ë ' ì ¸ í ì í ¬ ´ sq ft • • ë © ì ° ì "œë ´ ¶ € í" "ì ' 타임 ë ë ¥ ì ¡ § œ œê ‹ 3ì • °" ì "ë" Œ ± ² ê ê • ¸ ë ¤ ì ìš ° ê ¨ ² ² ´ í ¬ ì ¸ í • • Hey ³, í • ¸ í... "ì" ë ë ˆ ´ ¬ ´ í ¬ ë ë ¤ ë ³ ´ ‹ ‹ ˆ í ì ˆ ë œë • sq ˆ ë "— ¬ ë ì € Žì ' ´ § ¬ ëžŒì ´ ì ¸ ² ê ì í ¬ ´ ³ ¼ ì ² ´ í ¬ ì" ì ¼ ƒìœ › • ë ë œ ¡ ° ¤ ¦ ¹ ëŠ ² ê ì Œì Œê ¤ ì ¡ì "댄서" € "ë œ ¤ ë ¸ ê ° ëŠ ‹ ¦ ˆ ë" ë ¼ ¬ ë ¬ ë ì • ´ ' § € ë £ ¨ í-ˆ ì —ˆ ˆ ë ë µ ìŠ ‹ ‹ ¤.
828, it, un, ê ° € ì "± ë ¹" ê ˜ ë ¼ ° 댄서 ® raccomandato ìœ ' ë ° © ì 타임 ' ë € ìš "ì" ¤ ¢ raccomandato. í ¬ ë ° ° ë' í ë 타임 ¤ ì – ‰ — ê ²» ì ë ‹ ¹... ê ° € ì "± ë ¹" ê ˜ ë ¼ ° 댄서 ® raccomandato ìœ ' ë ° © 타임 ì'ë € ìš "ì" ¤ ¢ raccomandato. í ¬ ë ° ° ë' í ë 타임 ¤ ì – ‰ — ê ²» ì ë © ë ˆ ë ¹ í • ‹ ‹ ‹ ¤. ì "œë ¹ ² ê ë ' ˜ ìŠ" ¤ ì ° ² € ë ë "ì í • ¨ ± § Œì it¡±...
834, it, un, 타임 ' ì § € ë ì Œì ¾ í Œ § § ¨ íŠ ëž ¸ ¨ ì — ì "œ ê ° € ê ê ¹ ³ § 타임 ' ì § ë ì Œì ¾ Œ € í • • ê ² Œ ê ° 타임 ì ° ì ¸ ¶ ˆ ì ìš" 1ì ´ µ ¸-ìŠ ¤ íƒ € ë "ë ¤ ì ìŠ" ¢ ² ‹ Hey µ ¬ ìš "ê ë ì ‡ § ¸ · € ë ™ í Œ ì ¡ì ½ © ì — ë ¥ ë ¤ ‹ ¸ í • ¸ í..." ì — ½ ² ê í ì ì • ´ — — œ ì "ì ´-† ë ¹" ê ê ë µ ° ê ° € ëŠ ¶ ¥ ˆ € í • ´ ¸ ê í • © ë ˆ ë ‹ ‹ ¤
844, it, un, 
845, it, un, 
846, it, un, 
847, it, un, 
848, it, un, 
860, it, un, etichetta ä ¸ Šç '° ã' 'ã × æ ¥ ½' ã http://sFile.ydy.com=-ã ™ etichetta åœ ° etichetta ä ¸ ‹é ‰ "è... § ã ã '‹ ‰ ã ¯ ã ã' ã £ ã ¨ è ‡ · è › ¢ ã 'Šã' ã http://sFile.ydy.com=-" ã ™ ã "€ ãƒ ãƒ © ãƒ ã € § ã ® ã '" ã ³ ã ' Šç §» å ‹ • ã ™ ã ' ‹ ã ® ã ' ' ã × æ ¥ ½ "ã § ã ™ ã € ' éƒ ¨ å ± ‹ ã¯æ ¸...",5 ã æ § ã ¨ ã ¦ ã ' ' è ‰ ¯ ã £ ã Ÿã ® ã ‹ ã § ã ™ ã € Œit è ã ' "ã ¨ ã ª ã ã «ã Ã † \ u2026ã € ç ' ¹ ã ã ® http://sFile.ydy.com=-Ÿä è › 'å · http://sFile.ydy.com=-ã § å º Šã' ‹ ãƒ ãƒ ãƒ¼ †-ãƒ «ã ' ã" ã ' ‹ æ ¦ ã — ã Ÿã ' ã â € http://sFile.ydy.com=-€ ã † è \ u2026ã ã ' "ã ª ã «ã Šã" ã § ã ™ ã € 'ã ã'' Ã ' ã ® å Œæ – ‡å ‹ ¿µ è § ã — ã € Ÿã '
875, it, un, ã '¢ ã' ¯ ã '» ã ' ¹ ã ® ã "ã" ãƒ ãƒ ãƒ «† › éƒ ¨ å ± ‹ ã ' æ ¸... æ ã "ã § 5 ' ¢ ã ' ¯ ã '» ã '¹ ã' ã" ã ' "ã € 'ã' ¹ ã 'ã ¿ãƒ' ï. 25 25 Œï ¦ ã «ã ‹ ã 'ã' ® ã § ã «³ ãƒ ãƒ» ãƒ ¼ ã ¼ ' etichetta ä ¸ è ‡ th ç" ± ã — ã ª ã "ã € ' è — è ‡ ¡ ª ä. 5" ã ¯ è ¿' ã ã «‹ ° Ÿä è £ ã "ã ' ‹ € ã ¨ ã" ã ' ã ' ã 'ã' ‹ ã ¸ æ... Œæ – ‡å 5 "æ" ¯ ã Ÿã 'ã http://sFile.ydy.com=-ã' Šã ' ã "ã ª ã ' ‹ ãƒ» ãƒ» ãƒ» ã § ã ' ç © º æ ¸ ¯ ã ã ' ã ‰ ‹ ' ã ' ¹ ãƒ¼ ã '° ã' ç §» å ‹ • ã § ã æ ™ ' é – –" ã ® ç "¡ è §"ã ' ã ª ã ã "ã" ã € '
876, it, un, 
877, it, un, 
878, it, un, 
879, it, un, 
880, it, un, 
890, it, un, 
891, it, un, 
893, it, un, ˆ ˆ ë ì 댄서 ¶ ¹ í œ ì ë ì § • ¹ ëŠ ³ ê ¼ › "ë ± § ¡ Œì ê íŽ µ µ ´ ì ¸ í ë † ¦ ¬ í • œ ì ê ì "³ ³ ¹ ìœ í — • • ´ 타임 ì ˆ ì í ™ ë ´ ´-• • ¸ ê ° ì — ë ° ìš ¤ ì ¡ì ¢ ‹ ì ìŠ ë µ • • ‹ ˆ ë ‹ ¤. ê ° ì "ë ¤ ì ê ² ‹ ° ² í ê íŽ ì ¸ ³ • • • ˆ í-ˆ ˆ ë ë µ ìŠ ‹ ‹ ¤.
894, it, un, Vicino alla stazione di Paddington e Oxford Street Ottimo hotel, personale simpatico. A pochi passi da Oxford Street e dalla metropolitana
895, it, un, 
896, it, un, ä ¸ ä» ‹ æ 'æ ˆ' é — "a ¤ § ° a ‰ ‡ a ¯ per... ¥ ä ½ æ ˆ ' é — "a ° ï ¼ Œæ ‰" é ‹ ä ¸ € a € ‹ 28å ‹ è ¡ ® Žç ± Œæ ° ± ² æ · a ²' ä» € é º ¼ ç © º é ï ¼ Œæ — "µ ´ a ® ¤ éƒ ¨ ˆ † ä ¸ € ä º a € ‹ º æ — æ ¾ ´ ¡ éƒ ½ æœ é" žç ‰ ‹ ¹ ç ª 'ï ¼ Œä ½ • æ ³ æŽ' æ ° ä ¸ ´ a ¥ ½ æ ° ¹ æœƒæ · ´ \ u2019ï ¼ ä º † Œä ½ º ç · £ ç ¬ ¦ æ... ‹ a º ¦ ä ½ ³
898, it, un, a ¾ ˆ æ £ ' æœ a ‹ ™ ä º º a "¡ a ¾ ˆ è ¦ ª ˆ ‡ ï ¼ Œæ ˆ ' é —" ä ¹ æ ¾ ï ¼ Œé ¨ · › ç "¶ æ ˆ ' é —" ° ä º † ä ¸ € é» žï ¼ ½ † al Œä ° æ-¼ a ° ³ ‡ æ — è ï ¼ ŒCPå ¼ € ç ® — al ¾ ˆ é «' ä º † ï ¼ Œå ‡ º é... ' º — a · ¦ æ ‰ ‹ ' é Šå ° ± æœ ‰ a ® a ® è "Šå ˆ ¾ æ ¹ ä 'ã €' 3/4
899, it, un, ãƒžã ' «ã ' ª ãƒ ãƒ € ã 'ª • ãƒ¼ ã' ãƒŸãƒŠãƒ «ãƒ¼ ¿¿è' éƒŠ å £ ã ' ³ ãƒŸã ® è © •,75 Œé 'ã ¡ ä' ã ã € € å ¤ æ ® µ ã ' ã "ã http://sFile.ydy.com=-' ã ã 'ã ã' è € ª ã £ ã Ÿã ® ã ‹ ã § ã" ã ã ' ã ‰ «æ ± ° ã ' ã http://sFile.ydy.com=-ã — ã € Ÿã ' ä» Šå › žâ ¯ æ ™ 'é – – "ã" ã ª ã 'ã ã' http://sFile.ydy.com=-Šå 'ã ¨' Šã' ã ¯ è ¡ "' ã http://sFile.ydy.com=-ã ã '" ã § › ã — ã Ÿã Œç © º æ ¸ ¯ ã ‰ ã 'ã' ‹ 'ãƒ ã' ¹ ã § 1æœ € propone § è ¡ "' ã http://sFile.ydy.com=-ã ™ ã € '
901, it, un, é › ¢ etichetta åœ ° é éœ € ª a µ æ ¥ è ¡ Œä-ˆ ˆ 10å † ° é ' ä "åƒ æ ¹ ¥ ¼ è · Ÿä º ¤ é šæ €¹ ä ¾ ¿æ € § è Œè € ¨ € CPå € ˆ ¼ a ¾ é" 'ã €' æœ a ‹ ™ ä º º a "¡ è ¦ ª a æœ ç ‰ ‡ ˆ ¦ ® ç ® — æ ' ¯ ˆ ¾ al € ¼ fino al — çš" ã € 'ç' º ä ¸ € ç ¼ ° é» žæ ' ¯ æ μ ´ a ® ¤ ä ¹ æ º ¼ a ¾ ˆ † ¢ é - é › "æœ é» žå ° ‰ ã € ' æ — æ ¾ ´ ¡ æ ™ 'ä ¸ € ç æ' žå ´ › ˆ ° é € ã € '
909, it, un, ã '¢ ã' ¯ ã '» ã ' ¹ ã ‰ ä ã ¯ Œè,75 ¿å ˆ © ã ª ãƒ › ãƒ ãƒ «† ã ¨ ã ¦ ã ' ' å ¥ ‡ è th — ã § ã £ ã '¹ ã' ãƒƒãƒ ã ® å • ¿¯ å http://sFile.ydy.com=-¿"' è Ÿã € 'æ' ã — ã Ÿã 'Œit http://sFile.ydy.com=-× ã € Ÿã' ã http://sFile.ydy.com=-ã ã € æ · ± å ¤" «è» æ ° — › ãƒƒãƒ ãƒ € Œå Šã £ ã ' "ã" ã ¦ http://sFile.ydy.com=-× ã Ÿã € Œit è ›» è © ± ã — ã Ÿã ' ç ‰ «ã € ã ´ › å «ã ¿å ¯ å http://sFile.ydy.com=-¿"— ã ¦ ã ã ' ã — ã Ÿã" http://sFile.ydy.com=-€ ' ã — ã ‹ × ã € 'è æ ° ãƒœã ›' ¿ãƒ ³ ã £ Œå Šã ' Ÿã ã "ã ¦" ® ã § ã € ä º ‹ å ‰ ã 'ç ¢ ° è ª å ‡ ° æ ¥ ã' ‹ ã ® ã § ã ¯ ã ª ã "ã ã ¨ ã '‹' æ € ã" ã http://sFile.ydy.com=-×ã Ÿã € 'ãƒ ã' ã ¶ ‡ ' ¤ ãƒ ³ è ‡ è ¦ ã ª ãƒ ãƒ ãƒ «ã † › § ã ™ ã "ã € æœ º å ® ¹... Œ40cmã ã ' ã ‰ ã" ã — ã ‹ ç "¡ ã ã ¦ ã € ä º ‹ å ‹ ™ ä ½ œæ – ‡å ¥ ã ¥ ã ½ Œæ – ‡å «ã § ã ã http://sFile.ydy.com=-ã ã '" ã § › ã — ã € Ÿã ' ã ã Ÿã http://sFile.ydy.com=-€ Œä 5 wifiã ã ˆ ã http://sFile.ydy.com=-ã ™ ã Œé € Ÿå ° ¦ ã Œé... ã Ÿã 'ã 'æ' ‰ ã' ã — ã Ÿã http://sFile.ydy.com=-"€ ¦ æ ¸ ™ è ' ¯ ã «ã ¯ è ‰ ¯ ã æ ¥ ã http://sFile.ydy.com=-ã ™ ã" € æ € ¡ ã ¯ ä»-ã ® ãƒ ãƒ ãƒ «ã † › «ã — ã ' ˆ ã † ã ‹ è ãƒ ¼ ã ¨ æ € ã "ã http://sFile.ydy.com=-ã ™ ã € '
930, it, en, NIC Great experience.........................................................................................................................................................

rows: 990, rowsMismatch: 60
