#line, expected, detected, text
10, pt, un, @Paraiiso_ fala tu que sdds pia, tu que abandonou
11, pt, un, @Jhoow_DRL firmeza pia, apareça amanhã e traga a coca
20, pt, un, RT @mandalbuquerq: @Paraiiso_ fala tu que sdds pia, tu que abandonou
21, pt, da, RT @mikaaraujo14: @ptk_oliveeira7 @mlqbiscoito Pia coito
22, pt, un, Se bá mais tarde vou pia no baile da raia rs
24, pt, un, RT @spricigolana: Eu nunca vi pia mais folgado que meu primo, se lasca viu
26, pt, da, RT @mikaaraujo14: @ptk_oliveeira7 @mlqbiscoito Pia coito
27, pt, en, Gostei de um vídeo do @YouTube de @trap_of_life https://t.co/SvSfS9pJdO Pia Mia - Do It Again ft.
43, pt, nn, @GabrielLartgou pia logo mn fala a vera
50, pt, un, nossa q pia lindo
54, pt, un, RT @LubaTV: Eu ❤ Pia http://t.co/gpFv5i06RN
65, pt, un, Jg Banheiro Amor - Parte 1 Squares e Centro - Tapete Pia e Tampa do Vaso https://t.co/XbBLHN7PMX
69, pt, un, Que pia grosso credo
78, pt, un, Pia (pt.
80, pt, un, RT @pai_nobru: @Manelknaip @caslulopes pia mais tarde com a linha as pipa meno
83, pt, en, @Juliabruumm @DaanielPedroso @alanamartinss_ se eu n me engano se for guria eh isadora, se for pia alex
84, pt, un, @luuiz_feliciano kk curupira era foda pia
86, pt, un, @lnvncs É NÓISSSS PIA ❤❤❤❤
91, pt, un, Pia mais medroso
94, pt, un, Ao que pia q me tira a paciência, puta merda
95, pt, un, @_danielfrigo vai perde pia
96, pt, un, @_Gabrisantana @hugomagdalenoo @uchoamenezes brinca só pia
99, pt, un, @shutnho p pia altas nova sera so sei q vo make altos na espanha dai go trampo

rows: 100, rowsMismatch: 23
