#line, expected, detected, text
79, ru, en, ArgumentException: The incoming token has expired. Get a new access token from the Authorization Server. : ID=3730.V2_Json.Translate.47F1694F ArgumentException: The incoming token has expired. Get a new access token from the Authorization Server. : ID=3722.V2_Json.Translate.48B632E0
100, ru, un, Этот клиент не предоставил обзор текста.
116, ru, un, Этот клиент не предоставил обзор текста.
283, ru, un, Очень приветливый персонал. Только в нескольких остановках метро от всех основных туристических районах.
290, ru, un, 
291, ru, un, 
292, ru, un, 
293, ru, un, 
294, ru, un, 
295, ru, un, 
296, ru, un, 
297, ru, un, 
308, ru, un, Центральное расположение Пешком до центра Лондона. Окруженный зал. Номер был просторный и чистый. Ресторан хорош.
311, ru, un, Приятные стат в Лондоне Этот клиент не предоставил текст обзора.
432, ru, un, Пока все в порядке. Персонал отеля очень красиво. Номер-чистый и комфорт. Не отель предоставляет трансфер до аэропорта. Только есть трансфер до центрального железнодорожного вокзала.
557, ru, un, Доброжелательный персонал! Комната была чиста! Отель был в центре. Только вниз стороне был только некурящий номер слева была Фора, один, поэтому было немного странно, Настройка.
581, ru, en, Nice зал и Центральной ArgumentOutOfRangeException: 'from' must be a valid language_x000D_ Parameter name: from : ID=3427.V2_Json.Translate.51C3B854
730, ru, un, í • • ё ё «м ²° ë» м ¡ì · ¢ ‹ м ìš «•» «ìœ м ¹ • ê ° € м œì ´ ° ê ® • «ìš». íŽ • ë ¦ ¬ ì í «ë ¸ ¯ ° ë» — м «œ м ê ì ¸ ± ´ – «œ 5-10ë ¶ «м • ë». • í í. ¸..» м ¸ ¨ ëž žì • íŠ — м ё м • Йен • † Œê ° € ìž м ˆ м œ íŠ «´-ëž ¸ ¨ íƒ € ¸ ê ° ё «м ¢ ‹ Эй ³. ё м ë ³' ¬ ´ ´ ‡ — ë ‹ ¤ í • • ë ²' ё м ° ê ° € · œê мкг/м3 ì ì ìš ´ – € •»!! ë ° ¤ ì ì ˆ ì ™ Œ — † ëŒì • «м ™ € м» œ м ° ½ ë ° ё ё» м-´ ³ © ° ë £¼ м ¥ § í • œìž», м • «м ˆ м ˆ ë ¹ ¨ ¨ ëœ — ë ‹ ˆ íŒŒëž € í • • • ëŠ. м • «м ìš ' ´ голос ´ ± Эй ìƒ ¤ м ¤ ё Œë € ìŠ ¶ › ¬ ¼ ì ì ˆ • ´ ìž ë ¤ ë • ´ ' ê ° € ëŠ "Эй ± °. ì ' ё ¸ © ´ ëŒ € ë».
734, ru, un, ç ª ' ãŒå ¤ § UM» 2х ¦ ° ç › ® ã ® åˆ © ç» ¨ ã § ã ™ â € ' å ‰ å › žâ ¯ 4æ ³ Š ä» Šå › žâ ¯ 2æ ³ Šã — 2æ — ¥ является – ‹ ã ' Šã — æ ã ã ³ http://sFile.ydy.com=-1 — ã Ÿã € 'éƒ ¨ å ± ‹ ã ¯ ã ¨ ã ¦ ã' ' æ ¸... æ з § ã ª «.5» ã ' ' å ¤ § ããå ¿' является © â § ã ™ ¯ 'является › £ ç' ¹ ã â € это ¦ ¸ æ ™ ¯ ã § å ¤ šãã ® ãƒ ãƒ ãƒ «ã † › «è ® â € â € ' ‹ â» ã ¨ ã § ã ™ ãŒè ¨ åŒæ ¡ § éƒ å ¨ ± ' ‹ â ® æ ¹ ¿åº ¦ ãŒéžå ¸ ¸ ã «ã» ã ' является '» ã ¨ ã § ã ™ â € 'е' ¨ è. 75 ° â ° ã ' ³ ³ ãƒ ãƒ ãƒ â € ‹» является £ ² £ Ÿå ° — ã ' 'å ¤ º å € šãã ¤ ã ® ä.75 ¿ã ' ' è ‰ ¯ ã ç» «åœ ° â € ‹ ãŠè — ¦ ã ' â § ã ™ â € '
736, ru, un, 
737, ru, un, 
739, ru, un, 
740, ru, un, í › «íšŒ м — м "м ' íƒ ëŠ † µ œê ³!! ì ¼ м ² ê ë ¨ ² ‹ ° ê ё м Œì †.25 ³ © ì ì Œ» м œ — ´ • ë ¸ ¼ íŽ ™ í íŠ § м • € ë ‹ ¤. ë ™ í ë ¤ ¸ ¥ ‹ ì ì ì œì» — ©.5 • í • ¸ í ì ìš ´...» © í › «Эй ¸ ° м — м» œ м ² ê ² ° í ë м • • § € ª» í ˆ ë ¤ ë ê ° ± ' ‹ • ë ° ° м ˆ м ˆ • Ноев • ° € ё м ¤ ë ˆ • Эй — ‹ ± ° ё ё «м ' ё • • ± ¶ ¸ íŽ ˆ í • ¨ ê ì Œì Œì †.25 ³ — Эй ´ € í œ ë ¸ ¶ íŽ ˆ • í • ¨ ¸ í ì ì Œí» † • • • ëŠ «ê ² ƒì» ë ³ ´ ì ì ˆ ë — • • ‹ ¤. í ë м § § • • € Œ м ìŠ» ¹ ё ´ ¤ ëŠ ê ² ² ê ì ° «³ ¼ м Œ ё м Œì † ´ © ë ˆ м «œ — íŽ ¶ ¸ í ì ì í ¨ • ´» • € м — м ˆ ë † — ‹ ¤. ê ê ë ¸ ³' ¬ ¦ ・ ë ¥ ë ¤ м ¸ ‹ ´ ìš © ìž ë» ¤ ì ì ê ê ² ¬ • • ³ ¼ ë § ˆ м ° ¬ ê ° € м § € ё ìœ м «œ ¡ ¹ ìœ м œ ë ¼ ¡ • ë «ë ì ˆ ì ' ¬ ¢ ‹ ´ • • ë ‹ ¤.
743, ru, un, 
744, ru, un, ê í ì ìš µ µ † • «м § €. м ´ ë ¹ «ìŠ © м ¤ м ™...» § ˆ ё м ¹ ´ м • ¤ íŽ • ё ëž м ' ¬ ¦ для... © м ™ «м — м ë ê ¼ ¼ • • кв м ° м «ë ¾ ¸ ê ° голос ½ ê ì í ™ м ©.5 ³ • ë ª ¨ ê ë ì í µ µ» † ˆ • ë ì ì ' ¬ ¨ ‹ «ìš © м ¸ ê ° • • í ¢ ‹ м € ìž м-ˆ ³ ³ ê ìŠ ё µ — ‹ ˆ ë ‹ ¤.
748, ru, un, ì ™ œ м — ¬ ¸ ê ° ê ° € м ¸ ¸ ê ° ê ° € ë † ' ì ì § € м ˆ ë í ´ • ´ ê ¶ ° €. í ™ м ½ © м — 1ë... «м-м 4íšŒ ë ° ìƒ ´ © ë ¬ ¸ í • © ë ˆ ë ‹ ‹ ¤. í ™ ì ì © м — ½» œ ìœ ë ª... печаль • • ё м ¤ м ¶ ‹ ‹ € í • ¸ í... "ë" ¤ ì ì ë ê ° ± € • ‹ ¤ ê ° € ë ¤ ë» ° ëŠ ´, м м ¸ ê ° € ë ¶ € í «° м ìŠ» м ¤ ë ¹ ´... © м ™» м œì ´ ° ê ® ´ ë ¤ м» м ´ ëŠ ‹ • ¼ ¸ ê ° ë ¥ ¼ ë ê í ì ™ ³» ½ £ © м — м» œ 1ë ° • § ë Œ í ì ¤ ë ê пакеты • • • ˆ м • ½ í-ˆ ˆ ё ё µ ìŠ ‹ ‹ ¤.
750, ru, un, 
752, ru, un, ê ° ìœ м œì ¸ ¼ ë ¡ ë ³ «ë ê ° € ë» œì § § ¡ ê ìœ м ¼ ë рекомендовал рекомендовал € ¡ ® м œì ° € ë ê «¯ ë ° © м рекомендуется м ¢ л ‹ ¤ (17 ¸ ì í ' ³ ± ë ¯ œê ° м § œë ¦ ¬...) ê ˜ ¼ м ² ê ë ± ° · ¦ ¬ м — м «œ ë ¹ ë» ë ê ° € ё «œë» ¦ рекомендуется ‹ ¤ (ë ê ì ¼ ± рекомендовал рекомендовал ìƒ м ё» – ¬ ¤ м ² œê µ...) íŽ Œì ˜ ë ê ê ¹ € ¦ ¬ § ± ° ë ê ê ê ° € °... ¬ € íƒ м ¤ ë ¹ ¸ ê ° ‹ ‹ «м ' ¬ м «ë» ë ¶ ¤ ëŒ € м ˜ ë ± рекомендуется ê ° € ë ¶ ¶ «м • ˆ ë ‹ ¤. (ë © ì ì ‹ ¨ Центральной ™» м рекомендуется... ë ¼ ê í ê ¼ ë ³ § • ê ² ƒ!)
754, ru, un, 
761, ru, un, § ë ¤ ë ¸ ° ìš íŽ ¦ ¬ í • ¨ «ìœ ì ì ¸ íŽ • ¹ ë ¦ ¬ í • ¨ ê ³ ¼ ê ¹ ¨ ë — í • ¨. ìž' м § § € ё Œ м • «ëŠ'í ìž м ˆ • Ноа • пакеты «Эй ё ìž ´ ¤ ‹ ± ˆ ì í ¬ ë ¸ íŽ ¦ ´ • • ë ‹ ¤. м £ ¼ ë ³ § ìƒ ì ì ë ´ € Žì • «м ¢ ‹ Эй ³, ë °» ё œì ¡ • ëž ¸ ¨ íŠ — žì м ¥ ë ¥ ìž м • • ´ ìž м ˆ м ìš ´ ´-© í ì ˆ ˆ ìž ë • • ‹ ¤. § м ì ì ì «¬ ë € ´ › ‹ ¬ í ë м § § • • € Œ м œì ¹ ˆ í ì ё ё» Œ. § œëŠ • ´ ë ¹ ё м ¼ ¨ • ë £ Œì «•» ëŠ» ë ° ì ì ì ë ¤ ´ € ìž м ˆ ´ › — ˆ ë ‹ ¤.
762, ru, un, 
767, ru, un, ê íŽ µ µ ´ м ¸ í ë † ¦ ¬ í ê íŽ м ¸ ³ • • • м ё м ¤ «œì ‹ ´ ¹ «ê ê ê ° € м µ ¹ ³ ³ Œìš ê ´ м-м «ìœ ¹ • í ì œ» м • ´ ¢ ‹ м • • м Œ. í • ¸ í... «ë» м ² ê ²° í • • Эй ³ ìœ м «м» ë ¹ ¢ ‹ м • • ëŠ «ë ° ëƒ ¥ ìž голос, Эй ³ ê ° € м — ½ ì ì † • ´ ° ê – «ë ¶ ¸ íŽ ˆ í • • ´ ¸ ê í-ˆ ˆ ё ё µ ìŠ ‹ ‹ ¤. ê í ëž ¸ ë» • • ™ ì ì ë ¸ ¨ ©.5 — ë ™ ё м «¬ ëŠ» ´ • ˆ м € í ë © ë • ´ • ´ м «œë» ê ¹ «ë» œ ì í ³ ³ • Эй — м» œ ì ˆ ì ' ë € §.25 • ìž м ˆ м» м œ ´-— ¬ í ì» м ê ¦ голос-² ² ê ë Œ ë ë ˆ § ¦ ´ ¬ ¬ í-ˆ ˆ ё ё µ ìŠ ‹ ‹ ¤.
768, ru, un, 
770, ru, un, ã ã '¢ ã' ¯ '» ã ' ¹ ã «' ˆ â ãƒ ãƒ¼ ã ' ª º ãƒ «ãƒŠãƒ – ãƒ ãƒ¼ ãƒ ãƒ ãƒ¼ «ãƒ ãƒ¼ ã ¥ æ © çš § Ÿèƒ ½» ª ã â € ã ' ãƒ € â «ãƒ ãƒ «ã † › § ã ï â ¸ ¸.25 ™ å ® ¿ã «ã — ã Ÿã» ã ¨ æ € â «http://sFile.ydy.com=-ã â ™ â € ' ãƒ» ã '¸ ãƒ ã' ¹» ³ ã «ã ' ª ã '¹ ã' ¹ãƒ ¡ â § ã ™ â € '
821, ru, un, ê ° ì ¤ ë ¨ ê ¹ ‹ — í ì ë ê пакеты • • • § м ¢ ‹ м • «ìš» м ¹ ё ё ¨ ê • § — í • • Hey Hey» ìž м ³ ± ˆ ´ ìž ë ˆ ë ¤ ‹ «¤ ìš «м © ì í ™ ì ì — ½» íƒ м œ — ‹ œíƒ € ê ì ˆ ë ³ § ¼-м ˆ ë ¸ ± ê • ¦ ¬ ë» ¤ ìš «м Œì ˜ ë ¤ ‹ — í ™ м ½ © ê ° «ë © ë ¤ ё ´ ‹ • ´ м ìš © í ì ìš ê • ± —»
826, ru, un, ìœ ' м ё м Œ ¢ § • ¹ ‹ € ì í • ¸ í...» м ² «ë '' м ¸ í ì í ¬ ´ кв.м • • ё © ° ì ì «í € ¶ œë ´» «м ' ° ìž ё ё ¥ м ¡ § œ œê ‹ 3М • °» м «ë» Œ ± ² ê ê • ¸ ë ¤ м ìš ° ê ¨ ² ² ´ í ¬ м ¸ í • • Эй ³, í • ¸ í... «м» ё ё ˆ ´ ¬ ´ í ¬ ё ё ¤ ë ³ ´ ‹ ‹ ˆ í ì ˆ ë œë • кв ˆ ë» — ¬ ё м € Žì ' ´ § ¬ ëžŒì ´ ¸ ² с м ê ì í ¬ ´ ³ ¼ м ² ´ í ì ¬» м ¼ ƒìœ › • ё ё œ ¡ ° ¤ ¦ ¹ ² ëŠ ê ì Œì Œê ¤ м ¡ì «œì» € «œ ë ¤ ë ¸ ê ° ëŠ ‹ ¦ ˆ ë «ë ¼ ¬ ¬-ё ё • ´ м ' § € ë £ ¨ í ˆ ì —ˆ ˆ ё ё µ ìŠ ‹ ‹ ¤.
827, ru, un, ê ° € ì» ± ë ¹ «ê ˜ ¼ ë ° œì ® рекомендуется ìœ ' ё ° © ìž м ' ë € ìš «м» ¤ ¢ рекомендуется. í ë для ¬ ° ° ë' м. ìž ë ¤ м – ‰ — ê ²» ‹ ё м ¹.. ê ° € ì» ± ë ¹ «ê ˜ ¼ ë ° œì ® рекомендуется ìœ ' ë ° © ìž м ' ë € ìš «м» ¤ ¢ рекомендуется. í ë для ¬ ° ° ё ' м. ìž ë ¤ м – ‰ — ê ²» ё м © ë ˆ ë ¹ í • ‹ ‹ ‹ ¤. м «œë ¹ ² ê ё ' ˜ ìŠ "¤ м ² ° € ё ё «ì í • ¨ ± § Œì it¡±...
833, ru, un, ìž' м § € ё м Œì ¾ í Œ § § ¨ íŠ ëž ¸ ¨ м — м» œ ê ° € ê ê ¹ ³ § ìž' м § ё м Œì ¾ Œ € í • • ê ² Œ ê ° ìž м ° м ¸ ¶-ˆ м ìš» 1м ´ µ ¸-ìŠ ¤ íƒ € ë «ë ¤ м ìŠ «² ¢ ‹ эй мкг ¬ ìš» ê ё м ‡ § ¸ · € ë ™ Œ í ì ¡ì ½ © м — ё ё ¥ ¤ ‹ • í ¸ ¸ í...» м — ½ ² ê í ì ì • ´ — — œ м» м ´-† ë ¹ «ê ê ё µ ° ê ° € ëŠ ¶ ¥ ˆ € í ´ ¸ ê í • • © ë ˆ ë ‹ ‹ ¤
843, ru, un, 
844, ru, un, 
845, ru, un, 
846, ru, un, 
847, ru, un, 
859, ru, un, ä¸ «° ã» Šç «æ ¥ ½ × ã» â â http://sFile.ydy.com=-™ åœ ° ä¸ ‹é ‰»... § ã ã '‹ ‰ â ° ã ã' â £ ã ¨ è ‡ · — › ¢ ã 'Šã' ã http://sFile.ydy.com=-«ã ™ ã» € ãƒ ãƒ © ãƒ € â § ã ® ã '» ã, â ³ ' Šç §» å ‹ • ã ™ ã ' ‹ â ® ã ' ' æ ¥ ½ × ã «â § ã ™ â € ' éƒ ¨ е ± ‹ ã¯æ ¸...».5 ã æ § ã ¨ ã ¦ ã ' ' è ‰ ¯ ã â £ Ÿã ® ‹ ã â § ã ™ â € Œit, â '» ã ¨ ã ª ã â «ã Â † \ u2026ã € ç ' ¹ ã ã http://sFile.ydy.com=-® Ÿä является › 'е · http://sFile.ydy.com=-§ ã åº Šã' ‹ ãƒ ãƒ ãƒ¼ †-ãƒ «ã ' ã» ã ' ‹ æ ¦ ã — ã Ÿã ' ã â € http://sFile.ydy.com=-€ â † является \ u2026ã ã ' «ã ª ã «ã Šã» â § ã ™ â € 'ã ã'«Ã ' â ® является å Œæ – ‡å ‹ ¿µ § ã — â € Ÿã»
860, ru, un, ê ì ° € ìŠ рекомендовал ë ¹ «¤ м § ± м ¸ ê ± ° ê ™ м ìš «•»! ëž ¨ ¸ ё ё «ë ° íŠ»» ìž м ¡ ê í ' ³ € žì — • ¸ í ë ° © м» Œë... «˜ ìž ë ˜ ê ë ì — ¬ ë ³ ³ ‡ рекомендовал рекомендовал ё ё» ¤ ì ì § › ‹ ¤ м œì ˆ í ì ¹ рекомендовал • рекомендуется ë ì ì «œ м ìš» «¤ ¢ ‹ • «ê ê ± м ° ìš рекомендовал рекомендовал ‰ ¬ ì ˆ ì — ë ¤ м • ‹ ¨ ê ° € ë ¼ м § € «ˆ ë € Žì ìš». • «рекомендуется ë §. ˆ ë «ë ¬ рекомендуется... í • ¸ ë í ì — ° ìœ œí»» • «ë ' ˜ м — ê ² рекомендуется – ë ¤ ё м «ë «ì ì • ‰ • ¡»... ê ê ˜ ë «ëž ¸ ¸ · ° ë» м» м ¢ ‹ ¶ ê í-í ¬ ² — ˜ м ™ ³» ‰ ìŠ мкг • ê ë ‹ ˆ ë ‹ ¤.
874, ru, un, ã ã '¢ ã' ¯ '» ã ' ¹ ã ® â «ã» ãƒ ãƒ ãƒ «† › éƒ ¨ е ± ‹ ã '' æ ¸... æ ã» â §.5 ' ¢ ã ' ¯ ã '» ã ã '¹ ã'» ã ' «â € 'ã' ¹ ã '¿ãƒ ã' ï.25.25 Œï ¦ ã «ã ã 'ã' ‹ ® â § ã «³ ãƒ ãƒ» ãƒ ¼ ã ¼ '' ä¸ è ‡ й ç» â ± — ã ª ã «â € ' è — è ‡ ¡ ª ä. 5» ã © è ¯' ã â «Ÿä ° ‹ — â £ «ã ' ‹ € ã ¨ ã «ã ' ã '' ã 'ã' ‹ ã ¸ æ... Œæ – ‡å.5 «æ» ¯ ã Ÿã 'ã http://sFile.ydy.com=-ã' Šã ' ã» ã ª ã ' ‹ ãƒ» ãƒ» ãƒ» â § ã '' ç © º æ ¸ ¯ ã ã ' ‹ ‰ ã '' ã ' ¹ãƒ ãƒ¼ ã '° ã' з §» å ‹ • â § ã æ ™ ' é – – «ã ® ç «¡ является §»â '' ã ª ã â «â» â € '
875, ru, un, 
876, ru, un, 
877, ru, un, 
878, ru, un, 
879, ru, un, 
889, ru, un, 
890, ru, un, 
892, ru, un, ˆ ˆ ё м œì ¶ ¹ í œ м ё м § • ¹ ³ ëŠ ê ¼ › «ë § ± ¡ Œì ê íŽ µ µ ´ м ¸ í ë † ¦ ¬ í • œ м ê ì «³ ³ ¹ ìœ í — • • ìž-´ ì ì í ˆ ™ ё ´ ´-• • ¸ ê ° м — ё ìš ° ¤ м ¡ì ¢ ‹ м ìŠ ё µ • • ‹ ˆ ë ‹ ¤. ê ° ì «ë ¤ м ê ² ‹ ²° í ê íŽ м ¸ ³ • • • ˆ í-ˆ ˆ ё ё µ ìŠ ‹ ‹ ¤.
894, ru, un, 
895, ru, un, é æ 'æ ˆ' ä ¸ ä» ‹ — «для ¤ § ° до ‰ ‡ для ¯ чтобы... ¥ å ½ æ ˆ ' é — «чтобы ° ï ¼ Œæ ‰"é-‹ ä ¸ € до € ‹ 28å ‹ è ¡ ® Žç ± Œæ ° ± ² æ · к ²' ä» € é º ¼ ç © º é ï ¼ Œæ — «µ ´ к ® ¤ éƒ ¨ до ˆ † ¸ ä ä € º € ‹ º æ — æ ¾ ´ ¡ éƒ ½ æœ é «žç ‰ ‹ ¹ ç ª 'ï ¼ Œä ½ • æ ³ æŽ' æ ° å ¸ ´ до ¥ ½ æ ¹ ° æœƒæ · ´ \ u2019ï ¼ å º † Œä ½ ° ç · £ ç ¬ ¦ æ... ‹ º ¦ ä ½ ³
897, ru, un, до ¾ ˆ £ æ ' æœ ‹ ™ ä º º «¡ ¾ ˆ è ¦ ª до ˆ ‡ ï ¼ Œæ ˆ ' é — «ä ¹ ¾ æ ï ¼ Œé ¨ · ›-ç» ¶ æ ˆ ' é — «º ° å † ä ¸ € é» žï ¼ ½ † до Œä ° æ-¼ до æ ‡ ° ³ — ç ŒCPå € ¼ ï ¼ è ® — до ¾ ˆ é «' ä º † ï ¼ Œå ‡ º é... ' º — к · ¦ æ ‰ ‹ ' é Šå ° ± æœ ‰ до ® для ® è «Šå ˆ ¾ å æ-¹ 'â €' 3/4
898, ru, un, ãƒžã ' «ã ' ª ãƒ ãƒ € ã «ª • ãƒ¼ ã» ãƒŸãƒŠãƒ «ãƒ¼ ¿è ¿' éƒŠ å £ ã ' ³ ãƒŸã ® è © •.75 Œé «ä ¡ ã» â â € € å ¤ æ ® µ ã ' ã» ã http://sFile.ydy.com=-' ã ã «ã ã» является € ª ã £ ã Ÿã ® ‹ ã â § ã «ã ã ' ‰ ã «æ ± ° ã ' ã http://sFile.ydy.com=-ã — â € Ÿã ' ä» Šå › žâ ¯ æ ™ «é – – «â» ã ª ã «ã ã» http://sFile.ydy.com=-Šå «¨ ã» Šã» ã ¯ è ¡» ' ã â ã http://sFile.ydy.com=-'» › ã â § — ã Ÿã Œç © º æ ¸ ¯ ã ‰ ã «ã» ‹ «ãƒ ã» ¹ ã § 1æœ € šâ¬ã § è ¡» ' http://sFile.ydy.com=-ã â ™ â € '
900, ru, un, é › ¢ åœ ° é éœ € ª к µ æ ¥ è ¡ Œä-до ˆ ˆ 10å † ° é ' ä «åƒ æ ¹ ¥ ¼ è · Ÿä º ¤ é šæ ¹ € å ¾ ¿æ § € è Œè ¨ € € CPå € ¼ до ¾ ˆ é» æœ 'â €' чтобы ‹ ™ ä º º «¡ è ª ¦ для æœ ç ‰ ‡ ˆ ¦ ® ç ® — æ ' ¯ ¾ ˆ до € ¼ до ¾ — çš «â € «ç» º ä ¸ € ç ¼ ° é» žæ ' ¯ æ μ ´ для ® ¤ ä ¹ æ º ¼ до ¾ ˆ † é › é ¢-«æœ é» žå ° ‰ â € ' æ — æ ¾ ´ ¡ æ ™ 'ä ¸ € ç æ' žå ´ › ˆ ° é-€ â € '
908, ru, un, ã ã '¢ ã' ¯ '» ã ' ¹ ã ‰ å ã ¯ Œè.75 ¿å ˆ © ã ª ãƒ › ãƒ ãƒ «† ã ¨ ã ¦ ã ' ' å ¥ ‡ — й — â § ã £ ã '¹ ã' ãƒƒãƒ â ® å • ¿¯ å http://sFile.ydy.com=-¿» '' Ÿã € 'æ' ã — ã Ÿã 'Œit http://sFile.ydy.com=-× â € Ÿã' ã http://sFile.ydy.com=-ã â € æ · ± å ¤» «является» æ ° — › ãƒƒãƒ ãƒ € Œå Šã £ ã ' «â» ã ¦ http://sFile.ydy.com=-× â € Ÿã Œit — ›» è © â ± — ã Ÿã ' ‰ ç «â € â ´ › å «ã ¿å ¯ å http://sFile.ydy.com=-¿» — ã â ã ¦ ' ã — ã Ÿã» http://sFile.ydy.com=-€ ' ã — ã ‹ × â € 'æ ° ãƒœã › является' ¿ãƒ ³ â £ Œå Šã ' ã Ÿã «ã ¦» ® â § â € å º ‹ å ‰ ã 'з ¢ ° è ª å ‡ ° æ ¥ ã' ‹ â ® â § ã ¯ ã ª ã «ã ã ¨ ã '‹' æ € ã» ã http://sFile.ydy.com=-×ã Ÿã € «ãƒ ã» ã ¶ ‡ ' ¤ ãƒ ³ это ‡ è ¦-ã ª ãƒ ãƒ ãƒ «ã † › § ã ™ ã» â € æœ â º ® ¹... Œ40cmã ã ' ã ‰ ã «ã — ã ‹ ç» ¡ ã â ¦ â € å º ‹ å ‹ ™ ä ½ œæ – ‡å ¥ ã ¥ â ½ Œæ – ‡å «â § ã ã http://sFile.ydy.com=-ã ã '» › ã â § — â € Ÿã ' http://sFile.ydy.com=-ã ã Ÿã € wifiã Œä.5 ¿ã ˆ â http://sFile.ydy.com=-ã ™ ã Œé € Ÿå ° ¦ ã Œé... Ÿã «ã «æ» ã ‰» â â — ã Ÿã http://sFile.ydy.com=-«€ ¦ æ ¸ ™ является ' ¯ ã «ã ¯ è ‰ ¯ ã æ ¥ ã http://sFile.ydy.com=-ã ™ ã» € æ ¡ € â ¯ ä»-â ® ãƒ ãƒ ãƒ «ã † › «ã — ã ' ˆ â † ã ‹, â € æ ãƒ ¼ ã ¨» ã http://sFile.ydy.com=-ã ™ â € '

rows: 989, rowsMismatch: 60
