#expected, detected, text
zh, zh-Hant, 令人敬畏 ""-它是四周大 <br><br>"-"-我爱这一切
zh, un, 令人愉快 "舒适的床上是"<br><br>""-酒吧。
zh, zh-Hant, 11:0 上午埃尔多拉多什里夫波特 $120 NL 扑克锦标赛 $75 插件 @eldoradoshv http://www.pokeratlas.com/poker-tournament/eldorado-shreveport-120-1100am-nl-holdem-poker-tournament?topid=84324-2016-02-06...
zh, un, 例外 "-"-烟味
zh, en, 啊哈，一个完美的世外桃源。 #EldoradoShreveport #OnlyLouisiana #Shreveport #Travel #Louisiana #Hotels pic.twitter.com/CicJngA0ep
zh, en, 6:30 下午埃尔多拉多什里夫波特 $130 NL 扑克锦标赛 @eldoradoshv http://www.pokeratlas.com/poker-tournament/eldorado-shreveport-130-630pm-nl-holdem-poker-tournament?topid=95857-2016-02-05...
zh, en, 啊哈，一个完美的世外桃源。 #EldoradoShreveport #OnlyLouisiana #Shreveport #Travel #Louisiana #Hotels pic.twitter.com/CicJngA0ep
zh, en, 6:30 下午埃尔多拉多什里夫波特 $165 NL 扑克锦标赛 $50 插件 @eldoradoshv http://www.pokeratlas.com/poker-tournament/eldorado-shreveport-165-630pm-nl-holdem-poker-tournament?topid=88484-2016-02-04...
zh, en, 6:30 下午埃尔多拉多什里夫波特 $145 NL 扑克锦标赛 @eldoradoshv http://www.pokeratlas.com/poker-tournament/eldorado-shreveport-145-630pm-nl-holdem-bounty-poker-tournament?topid=84323-2016-02-03...
zh, un, 只是美丽的 #Shreveport 一天!: @mybrightlens #EldoradoShreveport #OnlyLouisiana #Travel #Hotels #Louisiana pic.twitter.com/ld7wuHZtiW
zh, un, 只是美丽的 #Shreveport 一天!: @mybrightlens #EldoradoShreveport #OnlyLouisiana #Travel #Hotels #Louisiana pic.twitter.com/ld7wuHZtiW
zh, un, 我们爱他们的总统套房的意见!https://twitter.com/HiltonLondonMet/status/694891810733318144...
zh, un, 你还打算你 #Valentine 那天呢? http://expi.co/0oC2b #London pic.twitter.com/6lso7z4l6r
zh, zh-Hant, 好 "易清洗"— — 25 床清洗地板留也不错。
zh, en, There’s absolutely no better place to be on 19th March 2016 than at the @HiltonLondonMet #SNA2016
zh, un, 令人惊奇的镜头的 @whoknowsyo!https://www.instagram.com/eldoradoshreveport/...pic.twitter.com/KB7a5s3qQF
zh, un, 如何华丽是 #Shreveport?: @seeshreveportbossier #EldoradoShreveport #OnlyLouisiana #Travel #Louisiana #Sunrise pic.twitter.com/ldwVaiGDaQ
zh, un, 如何华丽是 #Shreveport?: @seeshreveportbossier #EldoradoShreveport #OnlyLouisiana #Travel #Louisiana #Sunrise pic.twitter.com/ldwVaiGDaQ
zh, un, @ 宜必思酒店 Hong 香港中央及上环的 https://www.instagram.com/p/BBGzXOrh0bX/ 늦잠
zh, un, 从埃尔多拉多你好!#EldoradoShreveport #Shreveport #Travel #Louisiana #OnlyLouisiana #Hotels pic.twitter.com/KK8nMfKrWb
zh, en, 嗨，#London pic.twitter.com/gZ9AQ4jPoz
zh, un, @HiltonLondonMet @inpaddington 甘蔗蟾蜍 & 漏斗 web 油条是死的。
zh, un, @HiltonLondonMet @inpaddington 甘蔗蟾蜍 & 漏斗 web 油条是死的。
zh, en, Millbrook team on their way to @HiltonLondonMet for the @BCIS_uk ACI 2016 Conference #BCISACI2016
zh, en, Hong Kong travel/hotels/Hong Kong view the jackpot, the sex ratio of the best Avis Western District hotel (Hong Kong Central &amp; Western District Hotel Hong Kong Hotel ibis Central and Sheung Wan) http://rubygarden.tistory.com/1634
zh, un, 高超 ""-的房间很棒!
zh, en, 令人惊叹。: @shotsbystevn #EldoradoShreveport #OnlyLouisiana #Shreveport #Travel #Louisiana pic.twitter.com/5XCjnWr4mW
zh, en, 只是宣布: 什里夫波特，路易斯安那-03 月 19 日在埃尔多拉多赌场 http://www.bandsintown.com/event/11282402?artist=Electric 马戏团乐队 & came_from = 217...
zh, un, 可怕的床和臭的酒店。 "-"-床是质量很差。斯普林斯，在你的背部。总理酒店更好。三通
zh, un, 日期是星期六 2016 年 3 月 19 日，伦敦京都希尔顿酒店是的地方，你们是人!@HiltonLondonMet #SNA2016
zh, un, 玩在什里夫波特，洛杉矶展出 9:0 下午今天在埃尔多拉多度假村赌场什里夫波特 http://artistdata.com/a/jkha
zh, en, TGIF。时间玩!: #OnlyLouisiana #Shreveport @urbanviking #EldoradoShreveport #Gamble #Poker #Travel #Louisiana pic.twitter.com/MuDolyKLaH
zh, en, 6:30 下午埃尔多拉多什里夫波特 $130 NL 扑克锦标赛 @eldoradoshv http://www.pokeratlas.com/poker-tournament/eldorado-shreveport-130-630pm-nl-holdem-poker-tournament?topid=95857-2016-01-22...
zh, en, 花 @shotsbystevn 令人印象深刻!#OnlyLouisiana #Shreveport #EldoradoShreveport #Chandelier #Travel #Hotels #Louisiana pic.twitter.com/G9wauyxFBk
zh, un, 所有周我们都已经好了!第 pic.twitter.com/zDUDf7ilLk #FridayFeeling
zh, en, TGIF。时间玩!: #OnlyLouisiana #Shreveport @urbanviking #EldoradoShreveport #Gamble #Poker #Travel #Louisiana pic.twitter.com/MuDolyKLaH
zh, en, 6:30 下午埃尔多拉多什里夫波特 $130 NL 扑克锦标赛 @eldoradoshv http://www.pokeratlas.com/poker-tournament/eldorado-shreveport-130-630pm-nl-holdem-poker-tournament?topid=95857-2016-01-22...
zh, en, 花 @shotsbystevn 令人印象深刻!#OnlyLouisiana #Shreveport #EldoradoShreveport #Chandelier #Travel #Hotels #Louisiana pic.twitter.com/G9wauyxFBk
zh, un, 只是被拦在舞台上是在公约 》 @HiltonLondonMet pic.twitter.com/vMxWzuPxkw @TheSocieties @GlynDewis 新耳模型
zh, un, 在全面展开 @HiltonLondonMet，pic.twitter.com/eqYnG3IJrn 第 # 2016年 @TheSocieties
zh, un, 于是，它开始!第 pic.twitter.com/wHugsQ0TkY @HiltonLondonMet @TheSocieties 展出
zh, un, 预订现在 Jan 31 为利率低至 69 美元!http://bit.ly/1T9tzez: @seeshreveportbossier & @raynarayoflight 地 pic.twitter.com/6IhxPgtHu8
zh, un, 是啊
zh, zh-Hant, 高超 ""-一如既往的好。<br><br>"-"-价格昂贵的一个坑
zh, ja, 位置 ""-位置，一切 <br><br>的东西"-"什么
zh, un, 很棒的生日周末 ""-一切 <br><br>"-"-没有投诉
zh, un, 庆祝 #RobertBurns Balvenie 我们 12 岁的 #WhiskyWednesday #Scotland pic.twitter.com/rmRvwBzk0c 的甜美味道的生活
zh, en, 是世界上最大过援手贺卡的一部分!#feelwelcome2016 @ibishkcsw http://www.feelwelcome2016.com/en
zh, en, 有没有人说 #BACON?!头 Sportsmans 的天堂咖啡馆什里夫波特的最佳汉堡!第 pic.twitter.com/gZplQbVAmR #BaconBurger #Shreveport
zh, en, Arrived @HiltonLondonMet for the @TheSocieties #convention2016  Everyone helpful and courteous and looking forward to the next few days
zh, en, Arrived @HiltonLondonMet for the @TheSocieties #convention2016  Everyone helpful and courteous and looking forward to the next few days
zh, un, 好 ""-位置 <br><br>
zh, en, #MondayMotivation LivingWell 的健身中心。我们相信你!第 pic.twitter.com/nRpx1LXoNS #gym #workout
zh, en, #MondayMotivation LivingWell 的健身中心。我们相信你!第 pic.twitter.com/nRpx1LXoNS #gym #workout
zh, zh-Hant, 非常好 ""— — 更容易的去了。<Br>"-"<br>-Wi-Fi 必须重新连接每次
zh, un, 好的房间。好的早餐。浴室，都有不足之处。
zh, zh-Hant, 令人敬畏 "-"-Kolo
zh, un, 好位置 ""-一切 <br><br>"-"什么
zh, zh-Hant, 11:0 上午 $120 埃尔多拉多什里夫波特 NL 扑克锦标赛 $75 插件 @eldoradoshv http://www.pokeratlas.com/poker-tournament/eldorado-shreveport-120-1100am-nl-holdem-poker-tournament?topid=84324-2016-01-09...
zh, en, 通过雾镜头。: #OnlyLouisiana #Shreveport #Travel #Louisiana pic.twitter.com/gksWrn6zIC @shotsbystevn #EldoradoShreveport
zh, en, 6:30 下午埃尔多拉多什里夫波特 $130 NL 扑克锦标赛 @eldoradoshv http://www.pokeratlas.com/poker-tournament/eldorado-shreveport-130-630pm-nl-holdem-poker-tournament?topid=95857-2016-01-08...
zh, un, I'm at Ibis Hong Kong Central & Sheung Wan 宜必思香港中上环酒店 in Sheung Wan https://www.swarmapp.com/c/ccy3Xksx0KF 
zh, en, 通过雾镜头。: #OnlyLouisiana #Shreveport #Travel #Louisiana pic.twitter.com/gksWrn6zIC @shotsbystevn #EldoradoShreveport
zh, en, Le Freak RETURNS to @EldoradoSHV in Shreveport LA TONIGHT!9 下午第 pic.twitter.com/k4CbwTHazZ #LeFreak #ShreveportLA #CelebrityLounge 开始
zh, un, 可怜 ""-<Br>"-"<br>位置清洗并不存在。
zh, ja, 神话般 ""-大上眺望海港 <br><br>"-"-早餐是平均
zh, en, 6:30 下午 $165 埃尔多拉多什里夫波特 NL 扑克锦标赛 $50 插件 @eldoradoshv http://www.pokeratlas.com/poker-tournament/eldorado-shreveport-165-630pm-nl-holdem-poker-tournament?topid=88484-2016-01-07...
zh, un, 老了，但很好。 ""-餐厅的食物是很好。<br><br>"-"-老赌场机。
zh, en, 6:30 下午埃尔多拉多什里夫波特 $145 NL 扑克锦标赛 @eldoradoshv http://www.pokeratlas.com/poker-tournament/eldorado-shreveport-145-630pm-nl-holdem-bounty-poker-tournament?topid=84323-2016-01-06...
zh, un, 看起来很好影响的 @HiltonLondonMet @mobo @mobilebarhire @Lakhvirbanwait @TejRandeva @Kudosmusic @BigDay_Photo @Cardeva @Maharaja
zh, un, @HiltonLondonMet-少 @mobo @Lakhvirbanwait @TejRandeva @dipnaanand @Kudosmusic @BigDay_Photo @Cardeva @Maharaja 是更多。伟大的设计
zh, en, Looking forward to the @TheSocieties #convention2016 @HiltonLondonMet with @Diane_DLB_Photo @JohnDentonPhoto @mymacroworld @alice_gregoryx
zh, en, (at Ibis Hong Kong Central &amp; Sheung Wan 宜必思香港中上环酒店) — https://path.com/p/2I00Rx 
zh, un, 令人敬畏 ""-毛绒 <br><br>"-"-n/A
zh, un, 靠近地铁 ""-交通便利，附近的便利商店，只是一步之遥汽车站 <br><br>
zh, un, 所有完美
zh, zh-Hant, 令人愉快 "-"-早餐是 chais
zh, zh-Hant, ""-눇Everyone，一切都很出色。 我在老式的晚餐是第一次率。
zh, un, 6:30 下午第 https://t.co/vXe6ytDATd NL 扑克锦标赛 @eldoradoshv 埃尔多拉多什里夫波特 130 美元
zh, un, 6:30 下午第 https://t.co/vXe6ytDATd NL 扑克锦标赛 @eldoradoshv 埃尔多拉多什里夫波特 130 美元
zh, en, I'm at Ibis Hong Kong Central &amp; Sheung Wan 宜必思香港中上环酒店 in Sheung Wan https://t.co/ftmK1JSP5o
zh, en, I'm at Ibis Hong Kong Central &amp; Sheung Wan 宜必思香港中上环酒店 in Sheung Wan https://t.co/nEYwSdhj2U
zh, en, I'm at Ibis Hong Kong Central &amp; Sheung Wan 宜必思香港中上环酒店 in Sheung Wan https://t.co/tw3RdyxlBX https://t.co/JfzwmmYaTB
zh, en, Welcome Drink (@ Ibis Hong Kong Central &amp; Sheung Wan 宜必思香港中上环酒店 in Sheung Wan) https://t.co/kheV1lb0X0 https://t.co/VhtWU4sYYp
zh, un, 6:30 下午第 https://t.co/Ut2Pc0kxxm NL 扑克锦标赛 @eldoradoshv 埃尔多拉多什里夫波特 145 美元
zh, un, 6:30 下午第 https://t.co/Ut2Pc0kxxm NL 扑克锦标赛 @eldoradoshv 埃尔多拉多什里夫波特 145 美元
zh, un, 12:0 下午第 https://t.co/AW9EBkXlXj NL 扑克锦标赛 @eldoradoshv 埃尔多拉多什里夫波特 145 美元
zh, un, 12:0 下午第 https://t.co/AW9EBkXlXj NL 扑克锦标赛 @eldoradoshv 埃尔多拉多什里夫波特 145 美元
zh, en, I'm at Ibis Hong Kong Central &amp; Sheung Wan 宜必思香港中上环酒店 in Sheung Wan https://t.co/sT9L7Us7PR
zh, un, 48 小时和计数...#topmodel2016 #interviews @OmarMansoor @ella_parsons @FashionIntLFW @HiltonLondonMet @thesohosalon @totaltalentjobs
zh, un, RT @TOPMODELUK: 48 小时和计数...#topmodel2016 #interviews @FashionIntLFW @OmarMans @HiltonLondonMet @thesohosalon @totaltalentjobs...
zh, zh-Hant, 我周五晚上...吸: 宜必思酒店 Hong 香港中央及上环地 https://t.co/v9tj8sLKQZ
zh, zh-Hant, 它是第六次。: 宜必思酒店 Hong 香港环和上环地 https://t.co/g4oUinMlrj
zh, un, 6:30 下午第 https://t.co/0j4MTBPvWd NL 扑克锦标赛 @eldoradoshv 埃尔多拉多什里夫波特 145 美元
zh, un, RT @NewOrleansPoker: 6:30 下午第 https://t.co/0j4MTBPvWd NL 扑克锦标赛 @eldoradoshv 埃尔多拉多什里夫波特 145 美元
zh, un, 6:30 下午第 https://t.co/0j4MTBPvWd NL 扑克锦标赛 @eldoradoshv 埃尔多拉多什里夫波特 145 美元
zh, un, RT @NewOrleansPoker: 6:30 下午第 https://t.co/0j4MTBPvWd NL 扑克锦标赛 @eldoradoshv 埃尔多拉多什里夫波特 145 美元
zh, un, 短暂的停留<br/>""-<br><br>눇Good 位置"-"-눉I 是满意入住
zh, un, 好<br/>""-<br><br>눇Good 位置"-"-눉Late 签入
zh, un, 好<br/>""-눇The 海景!:-)
zh, un, RT @iamcrush: 绝对爱这些是男人 #reuniontour @Triggerproof1 @iamcrush @EldoradoSHV #celebritylounge @VCCmgmt https://t.co/Rz4R709W...
zh, zh-Hant, Good<br/>"+" - 눇海景很棒！
zh, un, 12:0 下午第 https://t.co/OzlqUGeFCS NL 扑克锦标赛 @eldoradoshv 埃尔多拉多什里夫波特 145 美元
zh, un, 12:0 下午第 https://t.co/OzlqUGeFCS NL 扑克锦标赛 @eldoradoshv 埃尔多拉多什里夫波特 145 美元
zh, un, * *: 23,195.27 * * @HiltonLondonMet @thesohosalon @CwC_UK @TheoPaphitis @iveracademy @totaltalentjobs #topmodel2016 https://t.co/c7VLd0afjm
zh, un, RT @TOPMODELUK: * *: 23,195.27 * * @HiltonLondonMet @thesohosalon @CwC_UK @TheoPaphitis @iveracademy @totaltalentjobs #topmodel2016 https://......
zh, en, ArgumentException: The incoming token has expired. Get a new access token from the Authorization Server. : ID=3427.V2_Json.Translate.3876565E<br/>ArgumentException: The incoming token has expired. Get a new access token from the Authorization Server. : ID=3541.V2_Json.Translate.3854A765
zh, zh-Hant, 11:0 上午 $120 埃尔多拉多什里夫波特 NL 扑克锦标赛 $75 插件 @eldoradoshv https://t.co/U3FrQrY7lV
zh, en, 我舞台今晚 eldoradoshreveport #celebritylounge #videodj #shreveport #crushlive @ 在埃尔多拉多......https://t.co/zEWuP09NW5
zh, un, 只是宣布: 什里夫波特，路易斯安那-12 月 12 日在埃尔多拉多赌场，https://t.co/hYPUcMiWAx
zh, un, 今晚有 @CelebrityShreve @TheRadioDJs @KiddNation @EldoradoSHV @VCCmgmt #reunionshow @iamcrush @Triggerproof1
zh, un, RT @iamcrush: 今晚有 @CelebrityShreve @TheRadioDJs @KiddNation @EldoradoSHV @VCCmgmt #reunionshow @iamcrush @Triggerproof1
zh, un, 绝对爱这些家伙 #reuniontour @Triggerproof1 @iamcrush @EldoradoSHV #celebritylounge @VCCmgmt https://t.co/Rz4R709Wnp
zh, zh-Hant, 11:0 上午 $120 埃尔多拉多什里夫波特 NL 扑克锦标赛 $75 插件 @eldoradoshv https://t.co/U3FrQrY7lV
zh, ja, ""-<Br>"-"<br>良好接地 nunj 好
zh, un, 6:30 下午第 https://t.co/0AsqAlF1DN NL 扑克锦标赛 @eldoradoshv 埃尔多拉多什里夫波特 130 美元
zh, un, 6:30 下午第 https://t.co/0AsqAlF1DN NL 扑克锦标赛 @eldoradoshv 埃尔多拉多什里夫波特 130 美元
zh, ja, 间谍活动主题家庭寻宝 @HiltonLondonMet &gt; https://t.co/Y2KPU3rn6W &gt; 大有趣的方式来探索城市 #familytravel
zh, un, RT @familyonabike: 间谍主题家庭寻宝 @HiltonLondonMet &gt; https://t.co/Y2KPU3rn6W &gt; 大有趣的方式来探索城市 #familytra...
zh, un, 我很喜欢的游泳池和桑拿浴室。基本但很舒适。
zh, un, Cp值很高
zh, un, RT @NewOrleansPoker: 6:30 下午 $165 埃尔多拉多什里夫波特 NL 扑克锦标赛 $50 插件 @eldoradoshv https://t.co/nkPiCuHeeC
zh, un, RT @NewOrleansPoker: 6:30 下午 $165 埃尔多拉多什里夫波特 NL 扑克锦标赛 $50 插件 @eldoradoshv https://t.co/nkPiCuHeeC
zh, un, 好吧<br/>"눇İlk"-房间里晚上也有噪音
zh, un, 还过得去<br/>""-<br>"— —"눇Frukosten <br>눉Dåligt Wifi 各地酒店工作很差
zh, un, 仍然会再次使用这一家酒店<br/>""-눇Excellent 食品 <br><br>"-"-눉Small 室
zh, un, @Maharaja 团队从屠妖节快乐。 #HappyDiwali #Maharaja #MaharajaLondon @HiltonLondonMet https://t.co/ct0Ilmh5tf #Diwali2015 #Diwali
zh, un, L m o k"-接地 <br><br>"-"-nunj l d 我 k m th th
zh, un, 非常好<br/>""-눇Su 的位置
zh, un, "-"-눉To 的硬床上
zh, zh-Hant, 它是太酷。
zh, un, ""-<Br>"-"<br>-nunj 接地。。
zh, un, 12:0 下午第 https://t.co/fBbDr7bqXW NL 扑克锦标赛 @eldoradoshv 埃尔多拉多什里夫波特 145 美元
zh, un, 12:0 下午第 https://t.co/fBbDr7bqXW NL 扑克锦标赛 @eldoradoshv 埃尔多拉多什里夫波特 145 美元
zh, un, 好<br/>"-"-눉Die 床是太难了。
zh, un, 便宜
zh, zh-Hant, 11:0 上午 $120 埃尔多拉多什里夫波特 NL 扑克锦标赛 $75 插件 @eldoradoshv https://t.co/3XtiwJL4ab
zh, zh-Hant, 11:0 上午 $120 埃尔多拉多什里夫波特 NL 扑克锦标赛 $75 插件 @eldoradoshv https://t.co/3XtiwJL4ab
zh, un, 令人愉快<br/>"-" - 눉房太小，床连床
zh, en, Very good<br/>"+" - 海景房
zh, un, 好<br/>""-<br><br>位置"-"-在床房 964 & 965 不便
zh, un, 位置<br/>方便的位置。我想我真的很喜欢的德州扑克表。水槽排水不做得很好。钻石休息室是不像能用在 DL 有太多的食物。床也很舒服。
zh, zh-Hant, 好的经验<br/>一切都很好。
zh, un, Fabulous<br/>"+" - 早餐不错，位置也很好<br><br>"-" - 免费wifi只有大厅有
zh, zh-Hant, “很推薦”<br/>"+" - 海景房不管白天晚上都超漂亮，物超所值<br><br>
zh, un, "非常好，很方便，有到香港站的免费穿梭巴士"<br/>"+" - 服务人员也很好
zh, zh-Hant, "出行很方便"<br/>"+" - 酒店位置很好<br><br>"-" - wifi速度很慢，房间有点小
zh, zh-Hant, "小而全"<br/>"+" - 安排的很好，海景房<br><br>"-" - 没有
zh, un, "很普通"<br/>"+" - 位置好
zh, zh-Hant, "窗外景色很漂亮，房间在香港算很大了"<br/>"+" - 免费Wifi,很干净<br><br>"-" - 离地铁站有点远
zh, un, 403 皇后大道西，香港 Tel.28576633
zh, un, 在咖啡馆里得到的东西去了。坐在柜台和一只蟑螂爬本身在柜台。
zh, un, 巨大的酒店，客房是体面的大小，中心位置虽然不晚上散步!
zh, un, 前 1 年
zh, un, 在咖啡馆里得到的东西去了。坐在柜台和一只蟑螂爬本身在柜台。
zh, un, 巨大的酒店，客房是体面的大小，中心位置虽然不晚上散步!
zh, un, 前 1 年
zh, un, 在咖啡馆里得到的东西去了。坐在柜台和一只蟑螂爬本身在柜台。
zh, un, 巨大的酒店，客房是体面的大小，中心位置虽然不晚上散步!
zh, un, 前 1 年
zh, un, 在咖啡馆里得到的东西去了。坐在柜台和一只蟑螂爬本身在柜台。
zh, un, 巨大的酒店，客房是体面的大小，中心位置虽然不晚上散步!
zh, un, 前 1 年
zh, zh-Hant, 夜景超級棒!!<br/>交通很方便,海景房夜景超美!!

rows: 2430, rowsMismatch: 164
