2015-01-20 20:56:00,689 INFO  [abc] [com.clarabridge.fx.Processor] Initializing FX
2015-01-21 12:04:24,489 ERROR [] [com.clarabridge.web.server.ReportDataServiceImplV2] com.clarabridge.foundation.client.exception.NoAttributeValuesReportException
	at com.clarabridge.web.server.ReportDataServiceImplV2.handleReportResult(ReportDataServiceImplV2.java:196)
	at com.clarabridge.web.server.ReportDataServiceImplV2.getReportData(ReportDataServiceImplV2.java:278)
	at sun.reflect.NativeMethodAccessorImpl.invoke0(Native Method)
	at sun.reflect.NativeMethodAccessorImpl.invoke(NativeMethodAccessorImpl.java:57)
	at sun.reflect.DelegatingMethodAccessorImpl.invoke(DelegatingMethodAccessorImpl.java:43)
	at java.lang.reflect.Method.invoke(Method.java:601)
	at com.google.gwt.user.server.rpc.RPC.invokeAndEncodeResponse(RPC.java:561)
	at com.google.gwt.user.server.rpc.RemoteServiceServlet.processCall(RemoteServiceServlet.java:208)
	at com.google.gwt.user.server.rpc.RemoteServiceServlet.processPost(RemoteServiceServlet.java:248)
	at com.google.gwt.user.server.rpc.AbstractRemoteServiceServlet.doPost(AbstractRemoteServiceServlet.java:62)
	at javax.servlet.http.HttpServlet.service(HttpServlet.java:646)
	at com.clarabridge.web.server.AutoinjectingRemoteServiceServlet.service(AutoinjectingRemoteServiceServlet.java:64)
	at javax.servlet.http.HttpServlet.service(HttpServlet.java:727)
	at org.apache.catalina.core.ApplicationFilterChain.internalDoFilter(ApplicationFilterChain.java:303)
	at org.apache.catalina.core.ApplicationFilterChain.doFilter(ApplicationFilterChain.java:208)
	at org.apache.tomcat.websocket.server.WsFilter.doFilter(WsFilter.java:52)
	at org.apache.catalina.core.ApplicationFilterChain.internalDoFilter(ApplicationFilterChain.java:241)
	at org.apache.catalina.core.ApplicationFilterChain.doFilter(ApplicationFilterChain.java:208)
	at com.clarabridge.servlet.filter.ResetPasswordFilter.doFilter(ResetPasswordFilter.java:73)
	at org.apache.catalina.core.ApplicationFilterChain.internalDoFilter(ApplicationFilterChain.java:241)
	at org.apache.catalina.core.ApplicationFilterChain.doFilter(ApplicationFilterChain.java:208)
	at org.owasp.csrfguard.CsrfGuardFilter.doCsrfGuard(CsrfGuardFilter.java:76)
	at com.clarabridge.common.csrf.CsrfGuardFilterEx.doFilter(CsrfGuardFilterEx.java:60)
	at com.clarabridge.common.csrf.CsrfGuardFilterWrapper.doFilter(CsrfGuardFilterWrapper.java:36)
	at org.apache.catalina.core.ApplicationFilterChain.internalDoFilter(ApplicationFilterChain.java:241)
	at org.apache.catalina.core.ApplicationFilterChain.doFilter(ApplicationFilterChain.java:208)
	at com.clarabridge.servlet.filter.SpringAutoInjectionFilter.doFilter(SpringAutoInjectionFilter.java:20)
	at com.clarabridge.servlet.filter.UserLocaleSupportFilter.doFilter(UserLocaleSupportFilter.java:37)
	at org.apache.catalina.core.ApplicationFilterChain.internalDoFilter(ApplicationFilterChain.java:241)
	at org.apache.catalina.core.ApplicationFilterChain.doFilter(ApplicationFilterChain.java:208)
	at org.acegisecurity.util.FilterChainProxy$VirtualFilterChain.doFilter(FilterChainProxy.java:265)
	at org.acegisecurity.intercept.web.FilterSecurityInterceptor.invoke(FilterSecurityInterceptor.java:107)
	at org.acegisecurity.intercept.web.FilterSecurityInterceptor.doFilter(FilterSecurityInterceptor.java:72)
	at org.acegisecurity.util.FilterChainProxy$VirtualFilterChain.doFilter(FilterChainProxy.java:275)
	at org.acegisecurity.ui.ExceptionTranslationFilter.doFilter(ExceptionTranslationFilter.java:124)
	at org.acegisecurity.util.FilterChainProxy$VirtualFilterChain.doFilter(FilterChainProxy.java:275)
	at org.acegisecurity.providers.anonymous.AnonymousProcessingFilter.doFilter(AnonymousProcessingFilter.java:125)
	at org.acegisecurity.util.FilterChainProxy$VirtualFilterChain.doFilter(FilterChainProxy.java:275)
	at org.acegisecurity.wrapper.SecurityContextHolderAwareRequestFilter.doFilter(SecurityContextHolderAwareRequestFilter.java:81)
	at org.acegisecurity.util.FilterChainProxy$VirtualFilterChain.doFilter(FilterChainProxy.java:275)
	at org.acegisecurity.ui.AbstractProcessingFilter.doFilter(AbstractProcessingFilter.java:271)
	at org.acegisecurity.util.FilterChainProxy$VirtualFilterChain.doFilter(FilterChainProxy.java:275)
	at com.clarabridge.common.security.sso.SkipSsoSecurityFilter.doFilter(SkipSsoSecurityFilter.java:15)
	at org.acegisecurity.util.FilterChainProxy$VirtualFilterChain.doFilter(FilterChainProxy.java:275)
	at com.clarabridge.common.security.sso.SkipSsoSecurityFilter.doFilter(SkipSsoSecurityFilter.java:15)
	at org.acegisecurity.util.FilterChainProxy$VirtualFilterChain.doFilter(FilterChainProxy.java:275)
	at com.clarabridge.common.security.saml.SamlAuthenticationProcessingFilter.doFilter(SamlAuthenticationProcessingFilter.java:110)
	at org.acegisecurity.util.FilterChainProxy$VirtualFilterChain.doFilter(FilterChainProxy.java:275)
	at org.acegisecurity.ui.logout.LogoutFilter.doFilter(LogoutFilter.java:110)
	at org.acegisecurity.util.FilterChainProxy$VirtualFilterChain.doFilter(FilterChainProxy.java:275)
	at org.acegisecurity.context.HttpSessionContextIntegrationFilter.doFilter(HttpSessionContextIntegrationFilter.java:249)
	at org.acegisecurity.util.FilterChainProxy$VirtualFilterChain.doFilter(FilterChainProxy.java:275)
	at org.acegisecurity.util.FilterChainProxy.doFilter(FilterChainProxy.java:149)
	at org.acegisecurity.util.FilterToBeanProxy.doFilter(FilterToBeanProxy.java:98)
	at org.apache.catalina.core.ApplicationFilterChain.internalDoFilter(ApplicationFilterChain.java:241)
	at org.apache.catalina.core.ApplicationFilterChain.doFilter(ApplicationFilterChain.java:208)
	at com.clarabridge.servlet.filter.RealSessionFilter.doFilter(RealSessionFilter.java:92)
	at org.apache.catalina.core.ApplicationFilterChain.internalDoFilter(ApplicationFilterChain.java:241)
	at org.apache.catalina.core.ApplicationFilterChain.doFilter(ApplicationFilterChain.java:208)
	at com.clarabridge.servlet.filter.CacheFilter.doFilter(CacheFilter.java:38)
	at org.apache.catalina.core.ApplicationFilterChain.internalDoFilter(ApplicationFilterChain.java:241)
	at org.apache.catalina.core.ApplicationFilterChain.doFilter(ApplicationFilterChain.java:208)
	at org.apache.catalina.core.StandardWrapperValve.invoke(StandardWrapperValve.java:220)
	at org.apache.catalina.core.StandardContextValve.invoke(StandardContextValve.java:122)
	at org.apache.catalina.authenticator.AuthenticatorBase.invoke(AuthenticatorBase.java:501)
	at org.apache.catalina.core.StandardHostValve.invoke(StandardHostValve.java:171)
	at org.apache.catalina.valves.ErrorReportValve.invoke(ErrorReportValve.java:102)
	at org.apache.catalina.valves.AccessLogValve.invoke(AccessLogValve.java:950)
	at org.apache.catalina.core.StandardEngineValve.invoke(StandardEngineValve.java:116)
	at org.apache.catalina.connector.CoyoteAdapter.service(CoyoteAdapter.java:408)
	at org.apache.coyote.http11.AbstractHttp11Processor.process(AbstractHttp11Processor.java:1040)
	at org.apache.coyote.AbstractProtocol$AbstractConnectionHandler.process(AbstractProtocol.java:607)
	at org.apache.tomcat.util.net.JIoEndpoint$SocketProcessor.run(JIoEndpoint.java:316)
	at java.util.concurrent.ThreadPoolExecutor.runWorker(ThreadPoolExecutor.java:1145)
	at java.util.concurrent.ThreadPoolExecutor$Worker.run(ThreadPoolExecutor.java:615)
	at org.apache.tomcat.util.threads.TaskThread$WrappingRunnable.run(TaskThread.java:61)
	at java.lang.Thread.run(Thread.java:722)
2015-01-21 12:04:24,491 INFO  [] [com.clarabridge.web.server.ReportDataServiceImplV2] ['Report (ATTRIBUTE_PW)'; time(ms): 12; cpu(ms): 0]

